<?xml version="1.0" encoding="utf-8"?><testsuites><testsuite name="pytest" errors="0" failures="2" skipped="0" tests="6" time="167.091" timestamp="2023-10-29T07:00:18.460679" hostname="abe7651357c0"><testcase classname="test_public_mip.TestPublicMIP" name="test_login_and_accept_terms[https://hbpmip.link/]" time="33.289" /><testcase classname="test_public_mip.TestPublicMIP" name="test_data[https://hbpmip.link/]" time="26.835" /><testcase classname="test_qa_federation.TestMIPQAFederation" name="test_login_and_accept_terms[https://qa.hbpmip.link/]" time="29.572" /><testcase classname="test_qa_federation.TestMIPQAFederation" name="test_data[https://qa.hbpmip.link/]" time="24.152"><failure message="selenium.common.exceptions.NoSuchElementException: Message: no such element: Unable to locate element: {&quot;method&quot;:&quot;css selector&quot;,&quot;selector&quot;:&quot;#default-synth_mh_wk4&quot;}&#10;  (Session info: headless chrome=118.0.5993.88); For documentation on this error, please visit: https://www.selenium.dev/documentation/webdriver/troubleshooting/errors#no-such-element-exception&#10;Stacktrace:&#10;#0 0x55af7adf5fb3 &lt;unknown&gt;&#10;#1 0x55af7aac94a7 &lt;unknown&gt;&#10;#2 0x55af7ab10dd6 &lt;unknown&gt;&#10;#3 0x55af7ab10ec1 &lt;unknown&gt;&#10;#4 0x55af7ab4e354 &lt;unknown&gt;&#10;#5 0x55af7ab3296d &lt;unknown&gt;&#10;#6 0x55af7ab4bc02 &lt;unknown&gt;&#10;#7 0x55af7ab32713 &lt;unknown&gt;&#10;#8 0x55af7ab0518b &lt;unknown&gt;&#10;#9 0x55af7ab05f7e &lt;unknown&gt;&#10;#10 0x55af7adbb8d8 &lt;unknown&gt;&#10;#11 0x55af7adbf800 &lt;unknown&gt;&#10;#12 0x55af7adc9cfc &lt;unknown&gt;&#10;#13 0x55af7adc0418 &lt;unknown&gt;&#10;#14 0x55af7ad8d42f &lt;unknown&gt;&#10;#15 0x55af7ade44e8 &lt;unknown&gt;&#10;#16 0x55af7ade46b4 &lt;unknown&gt;&#10;#17 0x55af7adf5143 &lt;unknown&gt;&#10;#18 0x7f27a5764044 &lt;unknown&gt;">self = &lt;test_qa_federation.TestMIPQAFederation object at 0x7fd6352170a0&gt;

    def test_data(self):
        """Integration tests (data) of the MIP QA Federation."""
&gt;       super().test_data()

test_qa_federation.py:24: 
_ _ _ _ _ _ _ _ _ _ _ _ _ _ _ _ _ _ _ _ _ _ _ _ _ _ _ _ _ _ _ _ _ _ _ _ _ _ _ _ 
basetest.py:94: in test_data
    default_synth_mh_wk4 = selenium_driver.find_element(
/usr/local/lib/python3.9/site-packages/selenium/webdriver/remote/webdriver.py:739: in find_element
    return self.execute(Command.FIND_ELEMENT, {"using": by, "value": value})["value"]
/usr/local/lib/python3.9/site-packages/selenium/webdriver/remote/webdriver.py:345: in execute
    self.error_handler.check_response(response)
_ _ _ _ _ _ _ _ _ _ _ _ _ _ _ _ _ _ _ _ _ _ _ _ _ _ _ _ _ _ _ _ _ _ _ _ _ _ _ _ 

self = &lt;selenium.webdriver.remote.errorhandler.ErrorHandler object at 0x7fd635fa0ca0&gt;
response = {'status': 404, 'value': '{"value":{"error":"no such element","message":"no such element: Unable to locate element: {\...\\n#16 0x55af7ade46b4 \\u003Cunknown&gt;\\n#17 0x55af7adf5143 \\u003Cunknown&gt;\\n#18 0x7f27a5764044 \\u003Cunknown&gt;\\n"}}'}

    def check_response(self, response: Dict[str, Any]) -&gt; None:
        """Checks that a JSON response from the WebDriver does not have an
        error.
    
        :Args:
         - response - The JSON response from the WebDriver server as a dictionary
           object.
    
        :Raises: If the response contains an error message.
        """
        status = response.get("status", None)
        if not status or status == ErrorCode.SUCCESS:
            return
        value = None
        message = response.get("message", "")
        screen: str = response.get("screen", "")
        stacktrace = None
        if isinstance(status, int):
            value_json = response.get("value", None)
            if value_json and isinstance(value_json, str):
                import json
    
                try:
                    value = json.loads(value_json)
                    if len(value) == 1:
                        value = value["value"]
                    status = value.get("error", None)
                    if not status:
                        status = value.get("status", ErrorCode.UNKNOWN_ERROR)
                        message = value.get("value") or value.get("message")
                        if not isinstance(message, str):
                            value = message
                            message = message.get("message")
                    else:
                        message = value.get("message", None)
                except ValueError:
                    pass
    
        exception_class: Type[WebDriverException]
        e = ErrorCode()
        error_codes = [item for item in dir(e) if not item.startswith("__")]
        for error_code in error_codes:
            error_info = getattr(ErrorCode, error_code)
            if isinstance(error_info, list) and status in error_info:
                exception_class = getattr(ExceptionMapping, error_code, WebDriverException)
                break
        else:
            exception_class = WebDriverException
    
        if not value:
            value = response["value"]
        if isinstance(value, str):
            raise exception_class(value)
        if message == "" and "message" in value:
            message = value["message"]
    
        screen = None  # type: ignore[assignment]
        if "screen" in value:
            screen = value["screen"]
    
        stacktrace = None
        st_value = value.get("stackTrace") or value.get("stacktrace")
        if st_value:
            if isinstance(st_value, str):
                stacktrace = st_value.split("\n")
            else:
                stacktrace = []
                try:
                    for frame in st_value:
                        line = frame.get("lineNumber", "")
                        file = frame.get("fileName", "&lt;anonymous&gt;")
                        if line:
                            file = f"{file}:{line}"
                        meth = frame.get("methodName", "&lt;anonymous&gt;")
                        if "className" in frame:
                            meth = f"{frame['className']}.{meth}"
                        msg = "    at %s (%s)"
                        msg = msg % (meth, file)
                        stacktrace.append(msg)
                except TypeError:
                    pass
        if exception_class == UnexpectedAlertPresentException:
            alert_text = None
            if "data" in value:
                alert_text = value["data"].get("text")
            elif "alert" in value:
                alert_text = value["alert"].get("text")
            raise exception_class(message, screen, stacktrace, alert_text)  # type: ignore[call-arg]  # mypy is not smart enough here
&gt;       raise exception_class(message, screen, stacktrace)
E       selenium.common.exceptions.NoSuchElementException: Message: no such element: Unable to locate element: {"method":"css selector","selector":"#default-synth_mh_wk4"}
E         (Session info: headless chrome=118.0.5993.88); For documentation on this error, please visit: https://www.selenium.dev/documentation/webdriver/troubleshooting/errors#no-such-element-exception
E       Stacktrace:
E       #0 0x55af7adf5fb3 &lt;unknown&gt;
E       #1 0x55af7aac94a7 &lt;unknown&gt;
E       #2 0x55af7ab10dd6 &lt;unknown&gt;
E       #3 0x55af7ab10ec1 &lt;unknown&gt;
E       #4 0x55af7ab4e354 &lt;unknown&gt;
E       #5 0x55af7ab3296d &lt;unknown&gt;
E       #6 0x55af7ab4bc02 &lt;unknown&gt;
E       #7 0x55af7ab32713 &lt;unknown&gt;
E       #8 0x55af7ab0518b &lt;unknown&gt;
E       #9 0x55af7ab05f7e &lt;unknown&gt;
E       #10 0x55af7adbb8d8 &lt;unknown&gt;
E       #11 0x55af7adbf800 &lt;unknown&gt;
E       #12 0x55af7adc9cfc &lt;unknown&gt;
E       #13 0x55af7adc0418 &lt;unknown&gt;
E       #14 0x55af7ad8d42f &lt;unknown&gt;
E       #15 0x55af7ade44e8 &lt;unknown&gt;
E       #16 0x55af7ade46b4 &lt;unknown&gt;
E       #17 0x55af7adf5143 &lt;unknown&gt;
E       #18 0x7f27a5764044 &lt;unknown&gt;

/usr/local/lib/python3.9/site-packages/selenium/webdriver/remote/errorhandler.py:229: NoSuchElementException</failure></testcase><testcase classname="test_stroke_federation.TestStrokeMIP" name="test_login_and_accept_terms[https://stroke.hbpmip.link/]" time="28.756" /><testcase classname="test_stroke_federation.TestStrokeMIP" name="test_data[https://stroke.hbpmip.link/]" time="23.165"><failure message="selenium.common.exceptions.NoSuchElementException: Message: no such element: Unable to locate element: {&quot;method&quot;:&quot;css selector&quot;,&quot;selector&quot;:&quot;#default-unibas&quot;}&#10;  (Session info: headless chrome=118.0.5993.88); For documentation on this error, please visit: https://www.selenium.dev/documentation/webdriver/troubleshooting/errors#no-such-element-exception&#10;Stacktrace:&#10;#0 0x56006b4a7fb3 &lt;unknown&gt;&#10;#1 0x56006b17b4a7 &lt;unknown&gt;&#10;#2 0x56006b1c2dd6 &lt;unknown&gt;&#10;#3 0x56006b1c2ec1 &lt;unknown&gt;&#10;#4 0x56006b200354 &lt;unknown&gt;&#10;#5 0x56006b1e496d &lt;unknown&gt;&#10;#6 0x56006b1fdc02 &lt;unknown&gt;&#10;#7 0x56006b1e4713 &lt;unknown&gt;&#10;#8 0x56006b1b718b &lt;unknown&gt;&#10;#9 0x56006b1b7f7e &lt;unknown&gt;&#10;#10 0x56006b46d8d8 &lt;unknown&gt;&#10;#11 0x56006b471800 &lt;unknown&gt;&#10;#12 0x56006b47bcfc &lt;unknown&gt;&#10;#13 0x56006b472418 &lt;unknown&gt;&#10;#14 0x56006b43f42f &lt;unknown&gt;&#10;#15 0x56006b4964e8 &lt;unknown&gt;&#10;#16 0x56006b4966b4 &lt;unknown&gt;&#10;#17 0x56006b4a7143 &lt;unknown&gt;&#10;#18 0x7fc5e7313044 &lt;unknown&gt;">self = &lt;test_stroke_federation.TestStrokeMIP object at 0x7fd636240c40&gt;

    def test_data(self):
        """Integration tests (data) of the Stroke (FERES) MIP."""
        selenium_driver = self.driver
    
        # 1. Click 'Datasets'
        datasets = selenium_driver.find_element(By.CSS_SELECTOR, "#dropdown-basic")
        datasets.click()
    
        # 2. Disable and enable again 'default-unibas'
        time.sleep(3)
&gt;       default_unibas_wk = selenium_driver.find_element(
            By.CSS_SELECTOR, "#default-unibas"
        )

test_stroke_federation.py:38: 
_ _ _ _ _ _ _ _ _ _ _ _ _ _ _ _ _ _ _ _ _ _ _ _ _ _ _ _ _ _ _ _ _ _ _ _ _ _ _ _ 
/usr/local/lib/python3.9/site-packages/selenium/webdriver/remote/webdriver.py:739: in find_element
    return self.execute(Command.FIND_ELEMENT, {"using": by, "value": value})["value"]
/usr/local/lib/python3.9/site-packages/selenium/webdriver/remote/webdriver.py:345: in execute
    self.error_handler.check_response(response)
_ _ _ _ _ _ _ _ _ _ _ _ _ _ _ _ _ _ _ _ _ _ _ _ _ _ _ _ _ _ _ _ _ _ _ _ _ _ _ _ 

self = &lt;selenium.webdriver.remote.errorhandler.ErrorHandler object at 0x7fd635fa0be0&gt;
response = {'status': 404, 'value': '{"value":{"error":"no such element","message":"no such element: Unable to locate element: {\...\\n#16 0x56006b4966b4 \\u003Cunknown&gt;\\n#17 0x56006b4a7143 \\u003Cunknown&gt;\\n#18 0x7fc5e7313044 \\u003Cunknown&gt;\\n"}}'}

    def check_response(self, response: Dict[str, Any]) -&gt; None:
        """Checks that a JSON response from the WebDriver does not have an
        error.
    
        :Args:
         - response - The JSON response from the WebDriver server as a dictionary
           object.
    
        :Raises: If the response contains an error message.
        """
        status = response.get("status", None)
        if not status or status == ErrorCode.SUCCESS:
            return
        value = None
        message = response.get("message", "")
        screen: str = response.get("screen", "")
        stacktrace = None
        if isinstance(status, int):
            value_json = response.get("value", None)
            if value_json and isinstance(value_json, str):
                import json
    
                try:
                    value = json.loads(value_json)
                    if len(value) == 1:
                        value = value["value"]
                    status = value.get("error", None)
                    if not status:
                        status = value.get("status", ErrorCode.UNKNOWN_ERROR)
                        message = value.get("value") or value.get("message")
                        if not isinstance(message, str):
                            value = message
                            message = message.get("message")
                    else:
                        message = value.get("message", None)
                except ValueError:
                    pass
    
        exception_class: Type[WebDriverException]
        e = ErrorCode()
        error_codes = [item for item in dir(e) if not item.startswith("__")]
        for error_code in error_codes:
            error_info = getattr(ErrorCode, error_code)
            if isinstance(error_info, list) and status in error_info:
                exception_class = getattr(ExceptionMapping, error_code, WebDriverException)
                break
        else:
            exception_class = WebDriverException
    
        if not value:
            value = response["value"]
        if isinstance(value, str):
            raise exception_class(value)
        if message == "" and "message" in value:
            message = value["message"]
    
        screen = None  # type: ignore[assignment]
        if "screen" in value:
            screen = value["screen"]
    
        stacktrace = None
        st_value = value.get("stackTrace") or value.get("stacktrace")
        if st_value:
            if isinstance(st_value, str):
                stacktrace = st_value.split("\n")
            else:
                stacktrace = []
                try:
                    for frame in st_value:
                        line = frame.get("lineNumber", "")
                        file = frame.get("fileName", "&lt;anonymous&gt;")
                        if line:
                            file = f"{file}:{line}"
                        meth = frame.get("methodName", "&lt;anonymous&gt;")
                        if "className" in frame:
                            meth = f"{frame['className']}.{meth}"
                        msg = "    at %s (%s)"
                        msg = msg % (meth, file)
                        stacktrace.append(msg)
                except TypeError:
                    pass
        if exception_class == UnexpectedAlertPresentException:
            alert_text = None
            if "data" in value:
                alert_text = value["data"].get("text")
            elif "alert" in value:
                alert_text = value["alert"].get("text")
            raise exception_class(message, screen, stacktrace, alert_text)  # type: ignore[call-arg]  # mypy is not smart enough here
&gt;       raise exception_class(message, screen, stacktrace)
E       selenium.common.exceptions.NoSuchElementException: Message: no such element: Unable to locate element: {"method":"css selector","selector":"#default-unibas"}
E         (Session info: headless chrome=118.0.5993.88); For documentation on this error, please visit: https://www.selenium.dev/documentation/webdriver/troubleshooting/errors#no-such-element-exception
E       Stacktrace:
E       #0 0x56006b4a7fb3 &lt;unknown&gt;
E       #1 0x56006b17b4a7 &lt;unknown&gt;
E       #2 0x56006b1c2dd6 &lt;unknown&gt;
E       #3 0x56006b1c2ec1 &lt;unknown&gt;
E       #4 0x56006b200354 &lt;unknown&gt;
E       #5 0x56006b1e496d &lt;unknown&gt;
E       #6 0x56006b1fdc02 &lt;unknown&gt;
E       #7 0x56006b1e4713 &lt;unknown&gt;
E       #8 0x56006b1b718b &lt;unknown&gt;
E       #9 0x56006b1b7f7e &lt;unknown&gt;
E       #10 0x56006b46d8d8 &lt;unknown&gt;
E       #11 0x56006b471800 &lt;unknown&gt;
E       #12 0x56006b47bcfc &lt;unknown&gt;
E       #13 0x56006b472418 &lt;unknown&gt;
E       #14 0x56006b43f42f &lt;unknown&gt;
E       #15 0x56006b4964e8 &lt;unknown&gt;
E       #16 0x56006b4966b4 &lt;unknown&gt;
E       #17 0x56006b4a7143 &lt;unknown&gt;
E       #18 0x7fc5e7313044 &lt;unknown&gt;

/usr/local/lib/python3.9/site-packages/selenium/webdriver/remote/errorhandler.py:229: NoSuchElementException</failure></testcase></testsuite></testsuites>