<?xml version="1.0" encoding="utf-8"?><testsuites><testsuite name="pytest" errors="0" failures="2" skipped="0" tests="6" time="125.646" timestamp="2023-10-19T07:01:21.630746" hostname="5d2199d9cdb5"><testcase classname="test_public_mip.TestPublicMIP" name="test_login_and_accept_terms[https://hbpmip.link/]" time="11.480" /><testcase classname="test_public_mip.TestPublicMIP" name="test_data[https://hbpmip.link/]" time="18.726" /><testcase classname="test_qa_federation.TestMIPQAFederation" name="test_login_and_accept_terms[https://qa.hbpmip.link/]" time="26.839" /><testcase classname="test_qa_federation.TestMIPQAFederation" name="test_data[https://qa.hbpmip.link/]" time="23.193" /><testcase classname="test_stroke_federation.TestStrokeMIP" name="test_login_and_accept_terms[https://stroke.hbpmip.link/]" time="23.056"><failure message="selenium.common.exceptions.NoSuchElementException: Message: no such element: Unable to locate element: {&quot;method&quot;:&quot;xpath&quot;,&quot;selector&quot;:&quot;//button[. = 'Login']&quot;}&#10;  (Session info: headless chrome=118.0.5993.88); For documentation on this error, please visit: https://www.selenium.dev/documentation/webdriver/troubleshooting/errors#no-such-element-exception&#10;Stacktrace:&#10;#0 0x563b5ec65fb3 &lt;unknown&gt;&#10;#1 0x563b5e9394a7 &lt;unknown&gt;&#10;#2 0x563b5e980dd6 &lt;unknown&gt;&#10;#3 0x563b5e980ec1 &lt;unknown&gt;&#10;#4 0x563b5e9be354 &lt;unknown&gt;&#10;#5 0x563b5e9a296d &lt;unknown&gt;&#10;#6 0x563b5e9bbc02 &lt;unknown&gt;&#10;#7 0x563b5e9a2713 &lt;unknown&gt;&#10;#8 0x563b5e97518b &lt;unknown&gt;&#10;#9 0x563b5e975f7e &lt;unknown&gt;&#10;#10 0x563b5ec2b8d8 &lt;unknown&gt;&#10;#11 0x563b5ec2f800 &lt;unknown&gt;&#10;#12 0x563b5ec39cfc &lt;unknown&gt;&#10;#13 0x563b5ec30418 &lt;unknown&gt;&#10;#14 0x563b5ebfd42f &lt;unknown&gt;&#10;#15 0x563b5ec544e8 &lt;unknown&gt;&#10;#16 0x563b5ec546b4 &lt;unknown&gt;&#10;#17 0x563b5ec65143 &lt;unknown&gt;&#10;#18 0x7fb6e5e81044 &lt;unknown&gt;">self = &lt;test_stroke_federation.TestStrokeMIP object at 0x7f98dff1ed30&gt;

    def test_login_and_accept_terms(self):
        """Test login and accept terms on the Stroke (FERES) MIP."""
&gt;       super().test_login_and_accept_terms()

test_stroke_federation.py:26: 
_ _ _ _ _ _ _ _ _ _ _ _ _ _ _ _ _ _ _ _ _ _ _ _ _ _ _ _ _ _ _ _ _ _ _ _ _ _ _ _ 
basetest.py:14: in test_login_and_accept_terms
    login = selenium_driver.find_element(By.XPATH, "//button[. = 'Login']")
/usr/local/lib/python3.9/site-packages/selenium/webdriver/remote/webdriver.py:739: in find_element
    return self.execute(Command.FIND_ELEMENT, {"using": by, "value": value})["value"]
/usr/local/lib/python3.9/site-packages/selenium/webdriver/remote/webdriver.py:345: in execute
    self.error_handler.check_response(response)
_ _ _ _ _ _ _ _ _ _ _ _ _ _ _ _ _ _ _ _ _ _ _ _ _ _ _ _ _ _ _ _ _ _ _ _ _ _ _ _ 

self = &lt;selenium.webdriver.remote.errorhandler.ErrorHandler object at 0x7f98dfeeca00&gt;
response = {'status': 404, 'value': '{"value":{"error":"no such element","message":"no such element: Unable to locate element: {\...\\n#16 0x563b5ec546b4 \\u003Cunknown&gt;\\n#17 0x563b5ec65143 \\u003Cunknown&gt;\\n#18 0x7fb6e5e81044 \\u003Cunknown&gt;\\n"}}'}

    def check_response(self, response: Dict[str, Any]) -&gt; None:
        """Checks that a JSON response from the WebDriver does not have an
        error.
    
        :Args:
         - response - The JSON response from the WebDriver server as a dictionary
           object.
    
        :Raises: If the response contains an error message.
        """
        status = response.get("status", None)
        if not status or status == ErrorCode.SUCCESS:
            return
        value = None
        message = response.get("message", "")
        screen: str = response.get("screen", "")
        stacktrace = None
        if isinstance(status, int):
            value_json = response.get("value", None)
            if value_json and isinstance(value_json, str):
                import json
    
                try:
                    value = json.loads(value_json)
                    if len(value) == 1:
                        value = value["value"]
                    status = value.get("error", None)
                    if not status:
                        status = value.get("status", ErrorCode.UNKNOWN_ERROR)
                        message = value.get("value") or value.get("message")
                        if not isinstance(message, str):
                            value = message
                            message = message.get("message")
                    else:
                        message = value.get("message", None)
                except ValueError:
                    pass
    
        exception_class: Type[WebDriverException]
        e = ErrorCode()
        error_codes = [item for item in dir(e) if not item.startswith("__")]
        for error_code in error_codes:
            error_info = getattr(ErrorCode, error_code)
            if isinstance(error_info, list) and status in error_info:
                exception_class = getattr(ExceptionMapping, error_code, WebDriverException)
                break
        else:
            exception_class = WebDriverException
    
        if not value:
            value = response["value"]
        if isinstance(value, str):
            raise exception_class(value)
        if message == "" and "message" in value:
            message = value["message"]
    
        screen = None  # type: ignore[assignment]
        if "screen" in value:
            screen = value["screen"]
    
        stacktrace = None
        st_value = value.get("stackTrace") or value.get("stacktrace")
        if st_value:
            if isinstance(st_value, str):
                stacktrace = st_value.split("\n")
            else:
                stacktrace = []
                try:
                    for frame in st_value:
                        line = frame.get("lineNumber", "")
                        file = frame.get("fileName", "&lt;anonymous&gt;")
                        if line:
                            file = f"{file}:{line}"
                        meth = frame.get("methodName", "&lt;anonymous&gt;")
                        if "className" in frame:
                            meth = f"{frame['className']}.{meth}"
                        msg = "    at %s (%s)"
                        msg = msg % (meth, file)
                        stacktrace.append(msg)
                except TypeError:
                    pass
        if exception_class == UnexpectedAlertPresentException:
            alert_text = None
            if "data" in value:
                alert_text = value["data"].get("text")
            elif "alert" in value:
                alert_text = value["alert"].get("text")
            raise exception_class(message, screen, stacktrace, alert_text)  # type: ignore[call-arg]  # mypy is not smart enough here
&gt;       raise exception_class(message, screen, stacktrace)
E       selenium.common.exceptions.NoSuchElementException: Message: no such element: Unable to locate element: {"method":"xpath","selector":"//button[. = 'Login']"}
E         (Session info: headless chrome=118.0.5993.88); For documentation on this error, please visit: https://www.selenium.dev/documentation/webdriver/troubleshooting/errors#no-such-element-exception
E       Stacktrace:
E       #0 0x563b5ec65fb3 &lt;unknown&gt;
E       #1 0x563b5e9394a7 &lt;unknown&gt;
E       #2 0x563b5e980dd6 &lt;unknown&gt;
E       #3 0x563b5e980ec1 &lt;unknown&gt;
E       #4 0x563b5e9be354 &lt;unknown&gt;
E       #5 0x563b5e9a296d &lt;unknown&gt;
E       #6 0x563b5e9bbc02 &lt;unknown&gt;
E       #7 0x563b5e9a2713 &lt;unknown&gt;
E       #8 0x563b5e97518b &lt;unknown&gt;
E       #9 0x563b5e975f7e &lt;unknown&gt;
E       #10 0x563b5ec2b8d8 &lt;unknown&gt;
E       #11 0x563b5ec2f800 &lt;unknown&gt;
E       #12 0x563b5ec39cfc &lt;unknown&gt;
E       #13 0x563b5ec30418 &lt;unknown&gt;
E       #14 0x563b5ebfd42f &lt;unknown&gt;
E       #15 0x563b5ec544e8 &lt;unknown&gt;
E       #16 0x563b5ec546b4 &lt;unknown&gt;
E       #17 0x563b5ec65143 &lt;unknown&gt;
E       #18 0x7fb6e5e81044 &lt;unknown&gt;

/usr/local/lib/python3.9/site-packages/selenium/webdriver/remote/errorhandler.py:229: NoSuchElementException</failure></testcase><testcase classname="test_stroke_federation.TestStrokeMIP" name="test_data[https://stroke.hbpmip.link/]" time="20.108"><failure message="selenium.common.exceptions.NoSuchElementException: Message: no such element: Unable to locate element: {&quot;method&quot;:&quot;css selector&quot;,&quot;selector&quot;:&quot;#dropdown-basic&quot;}&#10;  (Session info: headless chrome=118.0.5993.88); For documentation on this error, please visit: https://www.selenium.dev/documentation/webdriver/troubleshooting/errors#no-such-element-exception&#10;Stacktrace:&#10;#0 0x563b5ec65fb3 &lt;unknown&gt;&#10;#1 0x563b5e9394a7 &lt;unknown&gt;&#10;#2 0x563b5e980dd6 &lt;unknown&gt;&#10;#3 0x563b5e980ec1 &lt;unknown&gt;&#10;#4 0x563b5e9be354 &lt;unknown&gt;&#10;#5 0x563b5e9a296d &lt;unknown&gt;&#10;#6 0x563b5e9bbc02 &lt;unknown&gt;&#10;#7 0x563b5e9a2713 &lt;unknown&gt;&#10;#8 0x563b5e97518b &lt;unknown&gt;&#10;#9 0x563b5e975f7e &lt;unknown&gt;&#10;#10 0x563b5ec2b8d8 &lt;unknown&gt;&#10;#11 0x563b5ec2f800 &lt;unknown&gt;&#10;#12 0x563b5ec39cfc &lt;unknown&gt;&#10;#13 0x563b5ec30418 &lt;unknown&gt;&#10;#14 0x563b5ebfd42f &lt;unknown&gt;&#10;#15 0x563b5ec544e8 &lt;unknown&gt;&#10;#16 0x563b5ec546b4 &lt;unknown&gt;&#10;#17 0x563b5ec65143 &lt;unknown&gt;&#10;#18 0x7fb6e5e81044 &lt;unknown&gt;">self = &lt;test_stroke_federation.TestStrokeMIP object at 0x7f98dfe97eb0&gt;

    def test_data(self):
        """Integration tests (data) of the Stroke (FERES) MIP."""
        selenium_driver = self.driver
    
        # 1. Click 'Datasets'
&gt;       datasets = selenium_driver.find_element(By.CSS_SELECTOR, "#dropdown-basic")

test_stroke_federation.py:33: 
_ _ _ _ _ _ _ _ _ _ _ _ _ _ _ _ _ _ _ _ _ _ _ _ _ _ _ _ _ _ _ _ _ _ _ _ _ _ _ _ 
/usr/local/lib/python3.9/site-packages/selenium/webdriver/remote/webdriver.py:739: in find_element
    return self.execute(Command.FIND_ELEMENT, {"using": by, "value": value})["value"]
/usr/local/lib/python3.9/site-packages/selenium/webdriver/remote/webdriver.py:345: in execute
    self.error_handler.check_response(response)
_ _ _ _ _ _ _ _ _ _ _ _ _ _ _ _ _ _ _ _ _ _ _ _ _ _ _ _ _ _ _ _ _ _ _ _ _ _ _ _ 

self = &lt;selenium.webdriver.remote.errorhandler.ErrorHandler object at 0x7f98dfeeca00&gt;
response = {'status': 404, 'value': '{"value":{"error":"no such element","message":"no such element: Unable to locate element: {\...\\n#16 0x563b5ec546b4 \\u003Cunknown&gt;\\n#17 0x563b5ec65143 \\u003Cunknown&gt;\\n#18 0x7fb6e5e81044 \\u003Cunknown&gt;\\n"}}'}

    def check_response(self, response: Dict[str, Any]) -&gt; None:
        """Checks that a JSON response from the WebDriver does not have an
        error.
    
        :Args:
         - response - The JSON response from the WebDriver server as a dictionary
           object.
    
        :Raises: If the response contains an error message.
        """
        status = response.get("status", None)
        if not status or status == ErrorCode.SUCCESS:
            return
        value = None
        message = response.get("message", "")
        screen: str = response.get("screen", "")
        stacktrace = None
        if isinstance(status, int):
            value_json = response.get("value", None)
            if value_json and isinstance(value_json, str):
                import json
    
                try:
                    value = json.loads(value_json)
                    if len(value) == 1:
                        value = value["value"]
                    status = value.get("error", None)
                    if not status:
                        status = value.get("status", ErrorCode.UNKNOWN_ERROR)
                        message = value.get("value") or value.get("message")
                        if not isinstance(message, str):
                            value = message
                            message = message.get("message")
                    else:
                        message = value.get("message", None)
                except ValueError:
                    pass
    
        exception_class: Type[WebDriverException]
        e = ErrorCode()
        error_codes = [item for item in dir(e) if not item.startswith("__")]
        for error_code in error_codes:
            error_info = getattr(ErrorCode, error_code)
            if isinstance(error_info, list) and status in error_info:
                exception_class = getattr(ExceptionMapping, error_code, WebDriverException)
                break
        else:
            exception_class = WebDriverException
    
        if not value:
            value = response["value"]
        if isinstance(value, str):
            raise exception_class(value)
        if message == "" and "message" in value:
            message = value["message"]
    
        screen = None  # type: ignore[assignment]
        if "screen" in value:
            screen = value["screen"]
    
        stacktrace = None
        st_value = value.get("stackTrace") or value.get("stacktrace")
        if st_value:
            if isinstance(st_value, str):
                stacktrace = st_value.split("\n")
            else:
                stacktrace = []
                try:
                    for frame in st_value:
                        line = frame.get("lineNumber", "")
                        file = frame.get("fileName", "&lt;anonymous&gt;")
                        if line:
                            file = f"{file}:{line}"
                        meth = frame.get("methodName", "&lt;anonymous&gt;")
                        if "className" in frame:
                            meth = f"{frame['className']}.{meth}"
                        msg = "    at %s (%s)"
                        msg = msg % (meth, file)
                        stacktrace.append(msg)
                except TypeError:
                    pass
        if exception_class == UnexpectedAlertPresentException:
            alert_text = None
            if "data" in value:
                alert_text = value["data"].get("text")
            elif "alert" in value:
                alert_text = value["alert"].get("text")
            raise exception_class(message, screen, stacktrace, alert_text)  # type: ignore[call-arg]  # mypy is not smart enough here
&gt;       raise exception_class(message, screen, stacktrace)
E       selenium.common.exceptions.NoSuchElementException: Message: no such element: Unable to locate element: {"method":"css selector","selector":"#dropdown-basic"}
E         (Session info: headless chrome=118.0.5993.88); For documentation on this error, please visit: https://www.selenium.dev/documentation/webdriver/troubleshooting/errors#no-such-element-exception
E       Stacktrace:
E       #0 0x563b5ec65fb3 &lt;unknown&gt;
E       #1 0x563b5e9394a7 &lt;unknown&gt;
E       #2 0x563b5e980dd6 &lt;unknown&gt;
E       #3 0x563b5e980ec1 &lt;unknown&gt;
E       #4 0x563b5e9be354 &lt;unknown&gt;
E       #5 0x563b5e9a296d &lt;unknown&gt;
E       #6 0x563b5e9bbc02 &lt;unknown&gt;
E       #7 0x563b5e9a2713 &lt;unknown&gt;
E       #8 0x563b5e97518b &lt;unknown&gt;
E       #9 0x563b5e975f7e &lt;unknown&gt;
E       #10 0x563b5ec2b8d8 &lt;unknown&gt;
E       #11 0x563b5ec2f800 &lt;unknown&gt;
E       #12 0x563b5ec39cfc &lt;unknown&gt;
E       #13 0x563b5ec30418 &lt;unknown&gt;
E       #14 0x563b5ebfd42f &lt;unknown&gt;
E       #15 0x563b5ec544e8 &lt;unknown&gt;
E       #16 0x563b5ec546b4 &lt;unknown&gt;
E       #17 0x563b5ec65143 &lt;unknown&gt;
E       #18 0x7fb6e5e81044 &lt;unknown&gt;

/usr/local/lib/python3.9/site-packages/selenium/webdriver/remote/errorhandler.py:229: NoSuchElementException</failure></testcase></testsuite></testsuites>