<?xml version="1.0" encoding="utf-8"?><testsuites><testsuite name="pytest" errors="0" failures="3" skipped="0" tests="6" time="150.699" timestamp="2023-07-11T07:00:12.716372" hostname="2c9786d1db3c"><testcase classname="test_public_mip.TestPublicMIP" name="test_login_and_accept_terms[https://hbpmip.link/]" time="27.001" /><testcase classname="test_public_mip.TestPublicMIP" name="test_data[https://hbpmip.link/]" time="18.890" /><testcase classname="test_qa_federation.TestMIPQAFederation" name="test_login_and_accept_terms[https://qa.hbpmip.link/]" time="30.343" /><testcase classname="test_qa_federation.TestMIPQAFederation" name="test_data[https://qa.hbpmip.link/]" time="29.153"><failure message="selenium.common.exceptions.NoSuchElementException: Message: no such element: Unable to locate element: {&quot;method&quot;:&quot;xpath&quot;,&quot;selector&quot;:&quot;//div[contains(@id,'bar-graph-right-transverse-temporal-gyrus')]&quot;}&#10;  (Session info: headless chrome=114.0.5735.198)&#10;Stacktrace:&#10;#0 0x55cfead7c4e3 &lt;unknown&gt;&#10;#1 0x55cfeaaabc76 &lt;unknown&gt;&#10;#2 0x55cfeaae7c96 &lt;unknown&gt;&#10;#3 0x55cfeaae7dc1 &lt;unknown&gt;&#10;#4 0x55cfeab217f4 &lt;unknown&gt;&#10;#5 0x55cfeab0703d &lt;unknown&gt;&#10;#6 0x55cfeab1f30e &lt;unknown&gt;&#10;#7 0x55cfeab06de3 &lt;unknown&gt;&#10;#8 0x55cfeaadc2dd &lt;unknown&gt;&#10;#9 0x55cfeaadd34e &lt;unknown&gt;&#10;#10 0x55cfead3c3e4 &lt;unknown&gt;&#10;#11 0x55cfead403d7 &lt;unknown&gt;&#10;#12 0x55cfead4ab20 &lt;unknown&gt;&#10;#13 0x55cfead41023 &lt;unknown&gt;&#10;#14 0x55cfead0f1aa &lt;unknown&gt;&#10;#15 0x55cfead656b8 &lt;unknown&gt;&#10;#16 0x55cfead65847 &lt;unknown&gt;&#10;#17 0x55cfead75243 &lt;unknown&gt;&#10;#18 0x7f344df72fd4 &lt;unknown&gt;">self = &lt;test_qa_federation.TestMIPQAFederation object at 0x7ff52b28da00&gt;

    def test_data(self):
        """Integration tests (data) of the MIP QA Federation."""
&gt;       super().test_data()

test_qa_federation.py:24: 
_ _ _ _ _ _ _ _ _ _ _ _ _ _ _ _ _ _ _ _ _ _ _ _ _ _ _ _ _ _ _ _ _ _ _ _ _ _ _ _ 
basetest.py:168: in test_data
    histogram_of_rightttgtransversetempor_ = selenium_driver.find_element(
/usr/local/lib/python3.9/site-packages/selenium/webdriver/remote/webdriver.py:830: in find_element
    return self.execute(Command.FIND_ELEMENT, {"using": by, "value": value})["value"]
/usr/local/lib/python3.9/site-packages/selenium/webdriver/remote/webdriver.py:440: in execute
    self.error_handler.check_response(response)
_ _ _ _ _ _ _ _ _ _ _ _ _ _ _ _ _ _ _ _ _ _ _ _ _ _ _ _ _ _ _ _ _ _ _ _ _ _ _ _ 

self = &lt;selenium.webdriver.remote.errorhandler.ErrorHandler object at 0x7ff52b2773d0&gt;
response = {'status': 404, 'value': '{"value":{"error":"no such element","message":"no such element: Unable to locate element: {\...\\n#16 0x55cfead65847 \\u003Cunknown&gt;\\n#17 0x55cfead75243 \\u003Cunknown&gt;\\n#18 0x7f344df72fd4 \\u003Cunknown&gt;\\n"}}'}

    def check_response(self, response: Dict[str, Any]) -&gt; None:
        """Checks that a JSON response from the WebDriver does not have an
        error.
    
        :Args:
         - response - The JSON response from the WebDriver server as a dictionary
           object.
    
        :Raises: If the response contains an error message.
        """
        status = response.get("status", None)
        if not status or status == ErrorCode.SUCCESS:
            return
        value = None
        message = response.get("message", "")
        screen: str = response.get("screen", "")
        stacktrace = None
        if isinstance(status, int):
            value_json = response.get("value", None)
            if value_json and isinstance(value_json, str):
                import json
    
                try:
                    value = json.loads(value_json)
                    if len(value.keys()) == 1:
                        value = value["value"]
                    status = value.get("error", None)
                    if not status:
                        status = value.get("status", ErrorCode.UNKNOWN_ERROR)
                        message = value.get("value") or value.get("message")
                        if not isinstance(message, str):
                            value = message
                            message = message.get("message")
                    else:
                        message = value.get("message", None)
                except ValueError:
                    pass
    
        exception_class: Type[WebDriverException]
        if status in ErrorCode.NO_SUCH_ELEMENT:
            exception_class = NoSuchElementException
        elif status in ErrorCode.NO_SUCH_FRAME:
            exception_class = NoSuchFrameException
        elif status in ErrorCode.NO_SUCH_SHADOW_ROOT:
            exception_class = NoSuchShadowRootException
        elif status in ErrorCode.NO_SUCH_WINDOW:
            exception_class = NoSuchWindowException
        elif status in ErrorCode.STALE_ELEMENT_REFERENCE:
            exception_class = StaleElementReferenceException
        elif status in ErrorCode.ELEMENT_NOT_VISIBLE:
            exception_class = ElementNotVisibleException
        elif status in ErrorCode.INVALID_ELEMENT_STATE:
            exception_class = InvalidElementStateException
        elif (
            status in ErrorCode.INVALID_SELECTOR
            or status in ErrorCode.INVALID_XPATH_SELECTOR
            or status in ErrorCode.INVALID_XPATH_SELECTOR_RETURN_TYPER
        ):
            exception_class = InvalidSelectorException
        elif status in ErrorCode.ELEMENT_IS_NOT_SELECTABLE:
            exception_class = ElementNotSelectableException
        elif status in ErrorCode.ELEMENT_NOT_INTERACTABLE:
            exception_class = ElementNotInteractableException
        elif status in ErrorCode.INVALID_COOKIE_DOMAIN:
            exception_class = InvalidCookieDomainException
        elif status in ErrorCode.UNABLE_TO_SET_COOKIE:
            exception_class = UnableToSetCookieException
        elif status in ErrorCode.TIMEOUT:
            exception_class = TimeoutException
        elif status in ErrorCode.SCRIPT_TIMEOUT:
            exception_class = TimeoutException
        elif status in ErrorCode.UNKNOWN_ERROR:
            exception_class = WebDriverException
        elif status in ErrorCode.UNEXPECTED_ALERT_OPEN:
            exception_class = UnexpectedAlertPresentException
        elif status in ErrorCode.NO_ALERT_OPEN:
            exception_class = NoAlertPresentException
        elif status in ErrorCode.IME_NOT_AVAILABLE:
            exception_class = ImeNotAvailableException
        elif status in ErrorCode.IME_ENGINE_ACTIVATION_FAILED:
            exception_class = ImeActivationFailedException
        elif status in ErrorCode.MOVE_TARGET_OUT_OF_BOUNDS:
            exception_class = MoveTargetOutOfBoundsException
        elif status in ErrorCode.JAVASCRIPT_ERROR:
            exception_class = JavascriptException
        elif status in ErrorCode.SESSION_NOT_CREATED:
            exception_class = SessionNotCreatedException
        elif status in ErrorCode.INVALID_ARGUMENT:
            exception_class = InvalidArgumentException
        elif status in ErrorCode.NO_SUCH_COOKIE:
            exception_class = NoSuchCookieException
        elif status in ErrorCode.UNABLE_TO_CAPTURE_SCREEN:
            exception_class = ScreenshotException
        elif status in ErrorCode.ELEMENT_CLICK_INTERCEPTED:
            exception_class = ElementClickInterceptedException
        elif status in ErrorCode.INSECURE_CERTIFICATE:
            exception_class = InsecureCertificateException
        elif status in ErrorCode.INVALID_COORDINATES:
            exception_class = InvalidCoordinatesException
        elif status in ErrorCode.INVALID_SESSION_ID:
            exception_class = InvalidSessionIdException
        elif status in ErrorCode.UNKNOWN_METHOD:
            exception_class = UnknownMethodException
        else:
            exception_class = WebDriverException
        if not value:
            value = response["value"]
        if isinstance(value, str):
            raise exception_class(value)
        if message == "" and "message" in value:
            message = value["message"]
    
        screen = None  # type: ignore[assignment]
        if "screen" in value:
            screen = value["screen"]
    
        stacktrace = None
        st_value = value.get("stackTrace") or value.get("stacktrace")
        if st_value:
            if isinstance(st_value, str):
                stacktrace = st_value.split("\n")
            else:
                stacktrace = []
                try:
                    for frame in st_value:
                        line = frame.get("lineNumber", "")
                        file = frame.get("fileName", "&lt;anonymous&gt;")
                        if line:
                            file = f"{file}:{line}"
                        meth = frame.get("methodName", "&lt;anonymous&gt;")
                        if "className" in frame:
                            meth = f"{frame['className']}.{meth}"
                        msg = "    at %s (%s)"
                        msg = msg % (meth, file)
                        stacktrace.append(msg)
                except TypeError:
                    pass
        if exception_class == UnexpectedAlertPresentException:
            alert_text = None
            if "data" in value:
                alert_text = value["data"].get("text")
            elif "alert" in value:
                alert_text = value["alert"].get("text")
            raise exception_class(message, screen, stacktrace, alert_text)  # type: ignore[call-arg]  # mypy is not smart enough here
&gt;       raise exception_class(message, screen, stacktrace)
E       selenium.common.exceptions.NoSuchElementException: Message: no such element: Unable to locate element: {"method":"xpath","selector":"//div[contains(@id,'bar-graph-right-transverse-temporal-gyrus')]"}
E         (Session info: headless chrome=114.0.5735.198)
E       Stacktrace:
E       #0 0x55cfead7c4e3 &lt;unknown&gt;
E       #1 0x55cfeaaabc76 &lt;unknown&gt;
E       #2 0x55cfeaae7c96 &lt;unknown&gt;
E       #3 0x55cfeaae7dc1 &lt;unknown&gt;
E       #4 0x55cfeab217f4 &lt;unknown&gt;
E       #5 0x55cfeab0703d &lt;unknown&gt;
E       #6 0x55cfeab1f30e &lt;unknown&gt;
E       #7 0x55cfeab06de3 &lt;unknown&gt;
E       #8 0x55cfeaadc2dd &lt;unknown&gt;
E       #9 0x55cfeaadd34e &lt;unknown&gt;
E       #10 0x55cfead3c3e4 &lt;unknown&gt;
E       #11 0x55cfead403d7 &lt;unknown&gt;
E       #12 0x55cfead4ab20 &lt;unknown&gt;
E       #13 0x55cfead41023 &lt;unknown&gt;
E       #14 0x55cfead0f1aa &lt;unknown&gt;
E       #15 0x55cfead656b8 &lt;unknown&gt;
E       #16 0x55cfead65847 &lt;unknown&gt;
E       #17 0x55cfead75243 &lt;unknown&gt;
E       #18 0x7f344df72fd4 &lt;unknown&gt;

/usr/local/lib/python3.9/site-packages/selenium/webdriver/remote/errorhandler.py:245: NoSuchElementException</failure></testcase><testcase classname="test_stroke_federation.TestStrokeMIP" name="test_login_and_accept_terms[https://stroke.hbpmip.link/]" time="22.668"><failure message="selenium.common.exceptions.NoSuchElementException: Message: no such element: Unable to locate element: {&quot;method&quot;:&quot;xpath&quot;,&quot;selector&quot;:&quot;//button[. = 'Login']&quot;}&#10;  (Session info: headless chrome=114.0.5735.198)&#10;Stacktrace:&#10;#0 0x562efe70f4e3 &lt;unknown&gt;&#10;#1 0x562efe43ec76 &lt;unknown&gt;&#10;#2 0x562efe47ac96 &lt;unknown&gt;&#10;#3 0x562efe47adc1 &lt;unknown&gt;&#10;#4 0x562efe4b47f4 &lt;unknown&gt;&#10;#5 0x562efe49a03d &lt;unknown&gt;&#10;#6 0x562efe4b230e &lt;unknown&gt;&#10;#7 0x562efe499de3 &lt;unknown&gt;&#10;#8 0x562efe46f2dd &lt;unknown&gt;&#10;#9 0x562efe47034e &lt;unknown&gt;&#10;#10 0x562efe6cf3e4 &lt;unknown&gt;&#10;#11 0x562efe6d33d7 &lt;unknown&gt;&#10;#12 0x562efe6ddb20 &lt;unknown&gt;&#10;#13 0x562efe6d4023 &lt;unknown&gt;&#10;#14 0x562efe6a21aa &lt;unknown&gt;&#10;#15 0x562efe6f86b8 &lt;unknown&gt;&#10;#16 0x562efe6f8847 &lt;unknown&gt;&#10;#17 0x562efe708243 &lt;unknown&gt;&#10;#18 0x7fee0858bfd4 &lt;unknown&gt;">self = &lt;test_stroke_federation.TestStrokeMIP object at 0x7ff52b2dcf10&gt;

    def test_login_and_accept_terms(self):
        """Test login and accept terms on the Stroke (FERES) MIP."""
&gt;       super().test_login_and_accept_terms()

test_stroke_federation.py:26: 
_ _ _ _ _ _ _ _ _ _ _ _ _ _ _ _ _ _ _ _ _ _ _ _ _ _ _ _ _ _ _ _ _ _ _ _ _ _ _ _ 
basetest.py:14: in test_login_and_accept_terms
    login = selenium_driver.find_element(By.XPATH, "//button[. = 'Login']")
/usr/local/lib/python3.9/site-packages/selenium/webdriver/remote/webdriver.py:830: in find_element
    return self.execute(Command.FIND_ELEMENT, {"using": by, "value": value})["value"]
/usr/local/lib/python3.9/site-packages/selenium/webdriver/remote/webdriver.py:440: in execute
    self.error_handler.check_response(response)
_ _ _ _ _ _ _ _ _ _ _ _ _ _ _ _ _ _ _ _ _ _ _ _ _ _ _ _ _ _ _ _ _ _ _ _ _ _ _ _ 

self = &lt;selenium.webdriver.remote.errorhandler.ErrorHandler object at 0x7ff52b28d760&gt;
response = {'status': 404, 'value': '{"value":{"error":"no such element","message":"no such element: Unable to locate element: {\...\\n#16 0x562efe6f8847 \\u003Cunknown&gt;\\n#17 0x562efe708243 \\u003Cunknown&gt;\\n#18 0x7fee0858bfd4 \\u003Cunknown&gt;\\n"}}'}

    def check_response(self, response: Dict[str, Any]) -&gt; None:
        """Checks that a JSON response from the WebDriver does not have an
        error.
    
        :Args:
         - response - The JSON response from the WebDriver server as a dictionary
           object.
    
        :Raises: If the response contains an error message.
        """
        status = response.get("status", None)
        if not status or status == ErrorCode.SUCCESS:
            return
        value = None
        message = response.get("message", "")
        screen: str = response.get("screen", "")
        stacktrace = None
        if isinstance(status, int):
            value_json = response.get("value", None)
            if value_json and isinstance(value_json, str):
                import json
    
                try:
                    value = json.loads(value_json)
                    if len(value.keys()) == 1:
                        value = value["value"]
                    status = value.get("error", None)
                    if not status:
                        status = value.get("status", ErrorCode.UNKNOWN_ERROR)
                        message = value.get("value") or value.get("message")
                        if not isinstance(message, str):
                            value = message
                            message = message.get("message")
                    else:
                        message = value.get("message", None)
                except ValueError:
                    pass
    
        exception_class: Type[WebDriverException]
        if status in ErrorCode.NO_SUCH_ELEMENT:
            exception_class = NoSuchElementException
        elif status in ErrorCode.NO_SUCH_FRAME:
            exception_class = NoSuchFrameException
        elif status in ErrorCode.NO_SUCH_SHADOW_ROOT:
            exception_class = NoSuchShadowRootException
        elif status in ErrorCode.NO_SUCH_WINDOW:
            exception_class = NoSuchWindowException
        elif status in ErrorCode.STALE_ELEMENT_REFERENCE:
            exception_class = StaleElementReferenceException
        elif status in ErrorCode.ELEMENT_NOT_VISIBLE:
            exception_class = ElementNotVisibleException
        elif status in ErrorCode.INVALID_ELEMENT_STATE:
            exception_class = InvalidElementStateException
        elif (
            status in ErrorCode.INVALID_SELECTOR
            or status in ErrorCode.INVALID_XPATH_SELECTOR
            or status in ErrorCode.INVALID_XPATH_SELECTOR_RETURN_TYPER
        ):
            exception_class = InvalidSelectorException
        elif status in ErrorCode.ELEMENT_IS_NOT_SELECTABLE:
            exception_class = ElementNotSelectableException
        elif status in ErrorCode.ELEMENT_NOT_INTERACTABLE:
            exception_class = ElementNotInteractableException
        elif status in ErrorCode.INVALID_COOKIE_DOMAIN:
            exception_class = InvalidCookieDomainException
        elif status in ErrorCode.UNABLE_TO_SET_COOKIE:
            exception_class = UnableToSetCookieException
        elif status in ErrorCode.TIMEOUT:
            exception_class = TimeoutException
        elif status in ErrorCode.SCRIPT_TIMEOUT:
            exception_class = TimeoutException
        elif status in ErrorCode.UNKNOWN_ERROR:
            exception_class = WebDriverException
        elif status in ErrorCode.UNEXPECTED_ALERT_OPEN:
            exception_class = UnexpectedAlertPresentException
        elif status in ErrorCode.NO_ALERT_OPEN:
            exception_class = NoAlertPresentException
        elif status in ErrorCode.IME_NOT_AVAILABLE:
            exception_class = ImeNotAvailableException
        elif status in ErrorCode.IME_ENGINE_ACTIVATION_FAILED:
            exception_class = ImeActivationFailedException
        elif status in ErrorCode.MOVE_TARGET_OUT_OF_BOUNDS:
            exception_class = MoveTargetOutOfBoundsException
        elif status in ErrorCode.JAVASCRIPT_ERROR:
            exception_class = JavascriptException
        elif status in ErrorCode.SESSION_NOT_CREATED:
            exception_class = SessionNotCreatedException
        elif status in ErrorCode.INVALID_ARGUMENT:
            exception_class = InvalidArgumentException
        elif status in ErrorCode.NO_SUCH_COOKIE:
            exception_class = NoSuchCookieException
        elif status in ErrorCode.UNABLE_TO_CAPTURE_SCREEN:
            exception_class = ScreenshotException
        elif status in ErrorCode.ELEMENT_CLICK_INTERCEPTED:
            exception_class = ElementClickInterceptedException
        elif status in ErrorCode.INSECURE_CERTIFICATE:
            exception_class = InsecureCertificateException
        elif status in ErrorCode.INVALID_COORDINATES:
            exception_class = InvalidCoordinatesException
        elif status in ErrorCode.INVALID_SESSION_ID:
            exception_class = InvalidSessionIdException
        elif status in ErrorCode.UNKNOWN_METHOD:
            exception_class = UnknownMethodException
        else:
            exception_class = WebDriverException
        if not value:
            value = response["value"]
        if isinstance(value, str):
            raise exception_class(value)
        if message == "" and "message" in value:
            message = value["message"]
    
        screen = None  # type: ignore[assignment]
        if "screen" in value:
            screen = value["screen"]
    
        stacktrace = None
        st_value = value.get("stackTrace") or value.get("stacktrace")
        if st_value:
            if isinstance(st_value, str):
                stacktrace = st_value.split("\n")
            else:
                stacktrace = []
                try:
                    for frame in st_value:
                        line = frame.get("lineNumber", "")
                        file = frame.get("fileName", "&lt;anonymous&gt;")
                        if line:
                            file = f"{file}:{line}"
                        meth = frame.get("methodName", "&lt;anonymous&gt;")
                        if "className" in frame:
                            meth = f"{frame['className']}.{meth}"
                        msg = "    at %s (%s)"
                        msg = msg % (meth, file)
                        stacktrace.append(msg)
                except TypeError:
                    pass
        if exception_class == UnexpectedAlertPresentException:
            alert_text = None
            if "data" in value:
                alert_text = value["data"].get("text")
            elif "alert" in value:
                alert_text = value["alert"].get("text")
            raise exception_class(message, screen, stacktrace, alert_text)  # type: ignore[call-arg]  # mypy is not smart enough here
&gt;       raise exception_class(message, screen, stacktrace)
E       selenium.common.exceptions.NoSuchElementException: Message: no such element: Unable to locate element: {"method":"xpath","selector":"//button[. = 'Login']"}
E         (Session info: headless chrome=114.0.5735.198)
E       Stacktrace:
E       #0 0x562efe70f4e3 &lt;unknown&gt;
E       #1 0x562efe43ec76 &lt;unknown&gt;
E       #2 0x562efe47ac96 &lt;unknown&gt;
E       #3 0x562efe47adc1 &lt;unknown&gt;
E       #4 0x562efe4b47f4 &lt;unknown&gt;
E       #5 0x562efe49a03d &lt;unknown&gt;
E       #6 0x562efe4b230e &lt;unknown&gt;
E       #7 0x562efe499de3 &lt;unknown&gt;
E       #8 0x562efe46f2dd &lt;unknown&gt;
E       #9 0x562efe47034e &lt;unknown&gt;
E       #10 0x562efe6cf3e4 &lt;unknown&gt;
E       #11 0x562efe6d33d7 &lt;unknown&gt;
E       #12 0x562efe6ddb20 &lt;unknown&gt;
E       #13 0x562efe6d4023 &lt;unknown&gt;
E       #14 0x562efe6a21aa &lt;unknown&gt;
E       #15 0x562efe6f86b8 &lt;unknown&gt;
E       #16 0x562efe6f8847 &lt;unknown&gt;
E       #17 0x562efe708243 &lt;unknown&gt;
E       #18 0x7fee0858bfd4 &lt;unknown&gt;

/usr/local/lib/python3.9/site-packages/selenium/webdriver/remote/errorhandler.py:245: NoSuchElementException</failure></testcase><testcase classname="test_stroke_federation.TestStrokeMIP" name="test_data[https://stroke.hbpmip.link/]" time="20.080"><failure message="selenium.common.exceptions.NoSuchElementException: Message: no such element: Unable to locate element: {&quot;method&quot;:&quot;css selector&quot;,&quot;selector&quot;:&quot;#dropdown-basic&quot;}&#10;  (Session info: headless chrome=114.0.5735.198)&#10;Stacktrace:&#10;#0 0x562efe70f4e3 &lt;unknown&gt;&#10;#1 0x562efe43ec76 &lt;unknown&gt;&#10;#2 0x562efe47ac96 &lt;unknown&gt;&#10;#3 0x562efe47adc1 &lt;unknown&gt;&#10;#4 0x562efe4b47f4 &lt;unknown&gt;&#10;#5 0x562efe49a03d &lt;unknown&gt;&#10;#6 0x562efe4b230e &lt;unknown&gt;&#10;#7 0x562efe499de3 &lt;unknown&gt;&#10;#8 0x562efe46f2dd &lt;unknown&gt;&#10;#9 0x562efe47034e &lt;unknown&gt;&#10;#10 0x562efe6cf3e4 &lt;unknown&gt;&#10;#11 0x562efe6d33d7 &lt;unknown&gt;&#10;#12 0x562efe6ddb20 &lt;unknown&gt;&#10;#13 0x562efe6d4023 &lt;unknown&gt;&#10;#14 0x562efe6a21aa &lt;unknown&gt;&#10;#15 0x562efe6f86b8 &lt;unknown&gt;&#10;#16 0x562efe6f8847 &lt;unknown&gt;&#10;#17 0x562efe708243 &lt;unknown&gt;&#10;#18 0x7fee0858bfd4 &lt;unknown&gt;">self = &lt;test_stroke_federation.TestStrokeMIP object at 0x7ff52b2a53d0&gt;

    def test_data(self):
        """Integration tests (data) of the Stroke (FERES) MIP."""
        selenium_driver = self.driver
    
        # 1. Click 'Datasets'
&gt;       datasets = selenium_driver.find_element(By.CSS_SELECTOR, "#dropdown-basic")

test_stroke_federation.py:33: 
_ _ _ _ _ _ _ _ _ _ _ _ _ _ _ _ _ _ _ _ _ _ _ _ _ _ _ _ _ _ _ _ _ _ _ _ _ _ _ _ 
/usr/local/lib/python3.9/site-packages/selenium/webdriver/remote/webdriver.py:830: in find_element
    return self.execute(Command.FIND_ELEMENT, {"using": by, "value": value})["value"]
/usr/local/lib/python3.9/site-packages/selenium/webdriver/remote/webdriver.py:440: in execute
    self.error_handler.check_response(response)
_ _ _ _ _ _ _ _ _ _ _ _ _ _ _ _ _ _ _ _ _ _ _ _ _ _ _ _ _ _ _ _ _ _ _ _ _ _ _ _ 

self = &lt;selenium.webdriver.remote.errorhandler.ErrorHandler object at 0x7ff52b28d760&gt;
response = {'status': 404, 'value': '{"value":{"error":"no such element","message":"no such element: Unable to locate element: {\...\\n#16 0x562efe6f8847 \\u003Cunknown&gt;\\n#17 0x562efe708243 \\u003Cunknown&gt;\\n#18 0x7fee0858bfd4 \\u003Cunknown&gt;\\n"}}'}

    def check_response(self, response: Dict[str, Any]) -&gt; None:
        """Checks that a JSON response from the WebDriver does not have an
        error.
    
        :Args:
         - response - The JSON response from the WebDriver server as a dictionary
           object.
    
        :Raises: If the response contains an error message.
        """
        status = response.get("status", None)
        if not status or status == ErrorCode.SUCCESS:
            return
        value = None
        message = response.get("message", "")
        screen: str = response.get("screen", "")
        stacktrace = None
        if isinstance(status, int):
            value_json = response.get("value", None)
            if value_json and isinstance(value_json, str):
                import json
    
                try:
                    value = json.loads(value_json)
                    if len(value.keys()) == 1:
                        value = value["value"]
                    status = value.get("error", None)
                    if not status:
                        status = value.get("status", ErrorCode.UNKNOWN_ERROR)
                        message = value.get("value") or value.get("message")
                        if not isinstance(message, str):
                            value = message
                            message = message.get("message")
                    else:
                        message = value.get("message", None)
                except ValueError:
                    pass
    
        exception_class: Type[WebDriverException]
        if status in ErrorCode.NO_SUCH_ELEMENT:
            exception_class = NoSuchElementException
        elif status in ErrorCode.NO_SUCH_FRAME:
            exception_class = NoSuchFrameException
        elif status in ErrorCode.NO_SUCH_SHADOW_ROOT:
            exception_class = NoSuchShadowRootException
        elif status in ErrorCode.NO_SUCH_WINDOW:
            exception_class = NoSuchWindowException
        elif status in ErrorCode.STALE_ELEMENT_REFERENCE:
            exception_class = StaleElementReferenceException
        elif status in ErrorCode.ELEMENT_NOT_VISIBLE:
            exception_class = ElementNotVisibleException
        elif status in ErrorCode.INVALID_ELEMENT_STATE:
            exception_class = InvalidElementStateException
        elif (
            status in ErrorCode.INVALID_SELECTOR
            or status in ErrorCode.INVALID_XPATH_SELECTOR
            or status in ErrorCode.INVALID_XPATH_SELECTOR_RETURN_TYPER
        ):
            exception_class = InvalidSelectorException
        elif status in ErrorCode.ELEMENT_IS_NOT_SELECTABLE:
            exception_class = ElementNotSelectableException
        elif status in ErrorCode.ELEMENT_NOT_INTERACTABLE:
            exception_class = ElementNotInteractableException
        elif status in ErrorCode.INVALID_COOKIE_DOMAIN:
            exception_class = InvalidCookieDomainException
        elif status in ErrorCode.UNABLE_TO_SET_COOKIE:
            exception_class = UnableToSetCookieException
        elif status in ErrorCode.TIMEOUT:
            exception_class = TimeoutException
        elif status in ErrorCode.SCRIPT_TIMEOUT:
            exception_class = TimeoutException
        elif status in ErrorCode.UNKNOWN_ERROR:
            exception_class = WebDriverException
        elif status in ErrorCode.UNEXPECTED_ALERT_OPEN:
            exception_class = UnexpectedAlertPresentException
        elif status in ErrorCode.NO_ALERT_OPEN:
            exception_class = NoAlertPresentException
        elif status in ErrorCode.IME_NOT_AVAILABLE:
            exception_class = ImeNotAvailableException
        elif status in ErrorCode.IME_ENGINE_ACTIVATION_FAILED:
            exception_class = ImeActivationFailedException
        elif status in ErrorCode.MOVE_TARGET_OUT_OF_BOUNDS:
            exception_class = MoveTargetOutOfBoundsException
        elif status in ErrorCode.JAVASCRIPT_ERROR:
            exception_class = JavascriptException
        elif status in ErrorCode.SESSION_NOT_CREATED:
            exception_class = SessionNotCreatedException
        elif status in ErrorCode.INVALID_ARGUMENT:
            exception_class = InvalidArgumentException
        elif status in ErrorCode.NO_SUCH_COOKIE:
            exception_class = NoSuchCookieException
        elif status in ErrorCode.UNABLE_TO_CAPTURE_SCREEN:
            exception_class = ScreenshotException
        elif status in ErrorCode.ELEMENT_CLICK_INTERCEPTED:
            exception_class = ElementClickInterceptedException
        elif status in ErrorCode.INSECURE_CERTIFICATE:
            exception_class = InsecureCertificateException
        elif status in ErrorCode.INVALID_COORDINATES:
            exception_class = InvalidCoordinatesException
        elif status in ErrorCode.INVALID_SESSION_ID:
            exception_class = InvalidSessionIdException
        elif status in ErrorCode.UNKNOWN_METHOD:
            exception_class = UnknownMethodException
        else:
            exception_class = WebDriverException
        if not value:
            value = response["value"]
        if isinstance(value, str):
            raise exception_class(value)
        if message == "" and "message" in value:
            message = value["message"]
    
        screen = None  # type: ignore[assignment]
        if "screen" in value:
            screen = value["screen"]
    
        stacktrace = None
        st_value = value.get("stackTrace") or value.get("stacktrace")
        if st_value:
            if isinstance(st_value, str):
                stacktrace = st_value.split("\n")
            else:
                stacktrace = []
                try:
                    for frame in st_value:
                        line = frame.get("lineNumber", "")
                        file = frame.get("fileName", "&lt;anonymous&gt;")
                        if line:
                            file = f"{file}:{line}"
                        meth = frame.get("methodName", "&lt;anonymous&gt;")
                        if "className" in frame:
                            meth = f"{frame['className']}.{meth}"
                        msg = "    at %s (%s)"
                        msg = msg % (meth, file)
                        stacktrace.append(msg)
                except TypeError:
                    pass
        if exception_class == UnexpectedAlertPresentException:
            alert_text = None
            if "data" in value:
                alert_text = value["data"].get("text")
            elif "alert" in value:
                alert_text = value["alert"].get("text")
            raise exception_class(message, screen, stacktrace, alert_text)  # type: ignore[call-arg]  # mypy is not smart enough here
&gt;       raise exception_class(message, screen, stacktrace)
E       selenium.common.exceptions.NoSuchElementException: Message: no such element: Unable to locate element: {"method":"css selector","selector":"#dropdown-basic"}
E         (Session info: headless chrome=114.0.5735.198)
E       Stacktrace:
E       #0 0x562efe70f4e3 &lt;unknown&gt;
E       #1 0x562efe43ec76 &lt;unknown&gt;
E       #2 0x562efe47ac96 &lt;unknown&gt;
E       #3 0x562efe47adc1 &lt;unknown&gt;
E       #4 0x562efe4b47f4 &lt;unknown&gt;
E       #5 0x562efe49a03d &lt;unknown&gt;
E       #6 0x562efe4b230e &lt;unknown&gt;
E       #7 0x562efe499de3 &lt;unknown&gt;
E       #8 0x562efe46f2dd &lt;unknown&gt;
E       #9 0x562efe47034e &lt;unknown&gt;
E       #10 0x562efe6cf3e4 &lt;unknown&gt;
E       #11 0x562efe6d33d7 &lt;unknown&gt;
E       #12 0x562efe6ddb20 &lt;unknown&gt;
E       #13 0x562efe6d4023 &lt;unknown&gt;
E       #14 0x562efe6a21aa &lt;unknown&gt;
E       #15 0x562efe6f86b8 &lt;unknown&gt;
E       #16 0x562efe6f8847 &lt;unknown&gt;
E       #17 0x562efe708243 &lt;unknown&gt;
E       #18 0x7fee0858bfd4 &lt;unknown&gt;

/usr/local/lib/python3.9/site-packages/selenium/webdriver/remote/errorhandler.py:245: NoSuchElementException</failure></testcase></testsuite></testsuites>