<?xml version="1.0" encoding="utf-8"?><testsuites><testsuite name="pytest" errors="0" failures="0" skipped="0" tests="4" time="84.897" timestamp="2023-03-30T07:00:10.693698" hostname="ac64c6910deb"><testcase classname="test_public_mip.TestPublicMIP" name="test_login_and_accept_terms[https://hbpmip.link/]" time="10.914" /><testcase classname="test_public_mip.TestPublicMIP" name="test_data[https://hbpmip.link/]" time="22.115" /><testcase classname="test_qa_federation.TestMIPQAFederation" name="test_login_and_accept_terms[https://qa.hbpmip.link/]" time="26.842" /><testcase classname="test_qa_federation.TestMIPQAFederation" name="test_data[https://qa.hbpmip.link/]" time="24.988" /></testsuite></testsuites>