<?xml version="1.0" encoding="utf-8"?><testsuites><testsuite name="pytest" errors="0" failures="0" skipped="0" tests="4" time="99.010" timestamp="2023-05-09T07:00:16.975999" hostname="340ce2aeaeb2"><testcase classname="test_public_mip.TestPublicMIP" name="test_login_and_accept_terms[https://hbpmip.link/]" time="27.475" /><testcase classname="test_public_mip.TestPublicMIP" name="test_data[https://hbpmip.link/]" time="19.469" /><testcase classname="test_qa_federation.TestMIPQAFederation" name="test_login_and_accept_terms[https://qa.hbpmip.link/]" time="27.151" /><testcase classname="test_qa_federation.TestMIPQAFederation" name="test_data[https://qa.hbpmip.link/]" time="24.879" /></testsuite></testsuites>