<?xml version="1.0" encoding="utf-8"?><testsuites><testsuite name="pytest" errors="0" failures="0" skipped="0" tests="6" time="118.526" timestamp="2023-08-19T07:00:21.319191" hostname="ebb3555193d3"><testcase classname="test_public_mip.TestPublicMIP" name="test_login_and_accept_terms[https://hbpmip.link/]" time="27.806" /><testcase classname="test_public_mip.TestPublicMIP" name="test_data[https://hbpmip.link/]" time="19.180" /><testcase classname="test_qa_federation.TestMIPQAFederation" name="test_login_and_accept_terms[https://qa.hbpmip.link/]" time="9.995" /><testcase classname="test_qa_federation.TestMIPQAFederation" name="test_data[https://qa.hbpmip.link/]" time="23.852" /><testcase classname="test_stroke_federation.TestStrokeMIP" name="test_login_and_accept_terms[https://stroke.hbpmip.link/]" time="27.340" /><testcase classname="test_stroke_federation.TestStrokeMIP" name="test_data[https://stroke.hbpmip.link/]" time="10.295" /></testsuite></testsuites>