<?xml version="1.0" encoding="utf-8"?><testsuites><testsuite name="pytest" errors="0" failures="6" skipped="0" tests="6" time="137.980" timestamp="2023-10-23T07:00:14.170283" hostname="f62ac2374763"><testcase classname="test_public_mip.TestPublicMIP" name="test_login_and_accept_terms[https://hbpmip.link/]" time="26.921"><failure message="selenium.common.exceptions.NoSuchElementException: Message: no such element: Unable to locate element: {&quot;method&quot;:&quot;css selector&quot;,&quot;selector&quot;:&quot;#username&quot;}&#10;  (Session info: headless chrome=118.0.5993.88); For documentation on this error, please visit: https://www.selenium.dev/documentation/webdriver/troubleshooting/errors#no-such-element-exception&#10;Stacktrace:&#10;#0 0x563e34caffb3 &lt;unknown&gt;&#10;#1 0x563e349834a7 &lt;unknown&gt;&#10;#2 0x563e349cadd6 &lt;unknown&gt;&#10;#3 0x563e349caec1 &lt;unknown&gt;&#10;#4 0x563e34a08354 &lt;unknown&gt;&#10;#5 0x563e349ec96d &lt;unknown&gt;&#10;#6 0x563e34a05c02 &lt;unknown&gt;&#10;#7 0x563e349ec713 &lt;unknown&gt;&#10;#8 0x563e349bf18b &lt;unknown&gt;&#10;#9 0x563e349bff7e &lt;unknown&gt;&#10;#10 0x563e34c758d8 &lt;unknown&gt;&#10;#11 0x563e34c79800 &lt;unknown&gt;&#10;#12 0x563e34c83cfc &lt;unknown&gt;&#10;#13 0x563e34c7a418 &lt;unknown&gt;&#10;#14 0x563e34c4742f &lt;unknown&gt;&#10;#15 0x563e34c9e4e8 &lt;unknown&gt;&#10;#16 0x563e34c9e6b4 &lt;unknown&gt;&#10;#17 0x563e34caf143 &lt;unknown&gt;&#10;#18 0x7eff1dd65044 &lt;unknown&gt;">self = &lt;test_public_mip.TestPublicMIP object at 0x7f0e4c2fbfa0&gt;

    def test_login_and_accept_terms(self):
        """Test login and accept terms on the public MIP."""
&gt;       super().test_login_and_accept_terms()

test_public_mip.py:20: 
_ _ _ _ _ _ _ _ _ _ _ _ _ _ _ _ _ _ _ _ _ _ _ _ _ _ _ _ _ _ _ _ _ _ _ _ _ _ _ _ 
basetest.py:18: in test_login_and_accept_terms
    username = selenium_driver.find_element(By.CSS_SELECTOR, "#username")
/usr/local/lib/python3.9/site-packages/selenium/webdriver/remote/webdriver.py:739: in find_element
    return self.execute(Command.FIND_ELEMENT, {"using": by, "value": value})["value"]
/usr/local/lib/python3.9/site-packages/selenium/webdriver/remote/webdriver.py:345: in execute
    self.error_handler.check_response(response)
_ _ _ _ _ _ _ _ _ _ _ _ _ _ _ _ _ _ _ _ _ _ _ _ _ _ _ _ _ _ _ _ _ _ _ _ _ _ _ _ 

self = &lt;selenium.webdriver.remote.errorhandler.ErrorHandler object at 0x7f0e4c274790&gt;
response = {'status': 404, 'value': '{"value":{"error":"no such element","message":"no such element: Unable to locate element: {\...\\n#16 0x563e34c9e6b4 \\u003Cunknown&gt;\\n#17 0x563e34caf143 \\u003Cunknown&gt;\\n#18 0x7eff1dd65044 \\u003Cunknown&gt;\\n"}}'}

    def check_response(self, response: Dict[str, Any]) -&gt; None:
        """Checks that a JSON response from the WebDriver does not have an
        error.
    
        :Args:
         - response - The JSON response from the WebDriver server as a dictionary
           object.
    
        :Raises: If the response contains an error message.
        """
        status = response.get("status", None)
        if not status or status == ErrorCode.SUCCESS:
            return
        value = None
        message = response.get("message", "")
        screen: str = response.get("screen", "")
        stacktrace = None
        if isinstance(status, int):
            value_json = response.get("value", None)
            if value_json and isinstance(value_json, str):
                import json
    
                try:
                    value = json.loads(value_json)
                    if len(value) == 1:
                        value = value["value"]
                    status = value.get("error", None)
                    if not status:
                        status = value.get("status", ErrorCode.UNKNOWN_ERROR)
                        message = value.get("value") or value.get("message")
                        if not isinstance(message, str):
                            value = message
                            message = message.get("message")
                    else:
                        message = value.get("message", None)
                except ValueError:
                    pass
    
        exception_class: Type[WebDriverException]
        e = ErrorCode()
        error_codes = [item for item in dir(e) if not item.startswith("__")]
        for error_code in error_codes:
            error_info = getattr(ErrorCode, error_code)
            if isinstance(error_info, list) and status in error_info:
                exception_class = getattr(ExceptionMapping, error_code, WebDriverException)
                break
        else:
            exception_class = WebDriverException
    
        if not value:
            value = response["value"]
        if isinstance(value, str):
            raise exception_class(value)
        if message == "" and "message" in value:
            message = value["message"]
    
        screen = None  # type: ignore[assignment]
        if "screen" in value:
            screen = value["screen"]
    
        stacktrace = None
        st_value = value.get("stackTrace") or value.get("stacktrace")
        if st_value:
            if isinstance(st_value, str):
                stacktrace = st_value.split("\n")
            else:
                stacktrace = []
                try:
                    for frame in st_value:
                        line = frame.get("lineNumber", "")
                        file = frame.get("fileName", "&lt;anonymous&gt;")
                        if line:
                            file = f"{file}:{line}"
                        meth = frame.get("methodName", "&lt;anonymous&gt;")
                        if "className" in frame:
                            meth = f"{frame['className']}.{meth}"
                        msg = "    at %s (%s)"
                        msg = msg % (meth, file)
                        stacktrace.append(msg)
                except TypeError:
                    pass
        if exception_class == UnexpectedAlertPresentException:
            alert_text = None
            if "data" in value:
                alert_text = value["data"].get("text")
            elif "alert" in value:
                alert_text = value["alert"].get("text")
            raise exception_class(message, screen, stacktrace, alert_text)  # type: ignore[call-arg]  # mypy is not smart enough here
&gt;       raise exception_class(message, screen, stacktrace)
E       selenium.common.exceptions.NoSuchElementException: Message: no such element: Unable to locate element: {"method":"css selector","selector":"#username"}
E         (Session info: headless chrome=118.0.5993.88); For documentation on this error, please visit: https://www.selenium.dev/documentation/webdriver/troubleshooting/errors#no-such-element-exception
E       Stacktrace:
E       #0 0x563e34caffb3 &lt;unknown&gt;
E       #1 0x563e349834a7 &lt;unknown&gt;
E       #2 0x563e349cadd6 &lt;unknown&gt;
E       #3 0x563e349caec1 &lt;unknown&gt;
E       #4 0x563e34a08354 &lt;unknown&gt;
E       #5 0x563e349ec96d &lt;unknown&gt;
E       #6 0x563e34a05c02 &lt;unknown&gt;
E       #7 0x563e349ec713 &lt;unknown&gt;
E       #8 0x563e349bf18b &lt;unknown&gt;
E       #9 0x563e349bff7e &lt;unknown&gt;
E       #10 0x563e34c758d8 &lt;unknown&gt;
E       #11 0x563e34c79800 &lt;unknown&gt;
E       #12 0x563e34c83cfc &lt;unknown&gt;
E       #13 0x563e34c7a418 &lt;unknown&gt;
E       #14 0x563e34c4742f &lt;unknown&gt;
E       #15 0x563e34c9e4e8 &lt;unknown&gt;
E       #16 0x563e34c9e6b4 &lt;unknown&gt;
E       #17 0x563e34caf143 &lt;unknown&gt;
E       #18 0x7eff1dd65044 &lt;unknown&gt;

/usr/local/lib/python3.9/site-packages/selenium/webdriver/remote/errorhandler.py:229: NoSuchElementException</failure></testcase><testcase classname="test_public_mip.TestPublicMIP" name="test_data[https://hbpmip.link/]" time="20.094"><failure message="selenium.common.exceptions.NoSuchElementException: Message: no such element: Unable to locate element: {&quot;method&quot;:&quot;xpath&quot;,&quot;selector&quot;:&quot;//div[@id='pathology-select']/div/button&quot;}&#10;  (Session info: headless chrome=118.0.5993.88); For documentation on this error, please visit: https://www.selenium.dev/documentation/webdriver/troubleshooting/errors#no-such-element-exception&#10;Stacktrace:&#10;#0 0x563e34caffb3 &lt;unknown&gt;&#10;#1 0x563e349834a7 &lt;unknown&gt;&#10;#2 0x563e349cadd6 &lt;unknown&gt;&#10;#3 0x563e349caec1 &lt;unknown&gt;&#10;#4 0x563e34a08354 &lt;unknown&gt;&#10;#5 0x563e349ec96d &lt;unknown&gt;&#10;#6 0x563e34a05c02 &lt;unknown&gt;&#10;#7 0x563e349ec713 &lt;unknown&gt;&#10;#8 0x563e349bf18b &lt;unknown&gt;&#10;#9 0x563e349bff7e &lt;unknown&gt;&#10;#10 0x563e34c758d8 &lt;unknown&gt;&#10;#11 0x563e34c79800 &lt;unknown&gt;&#10;#12 0x563e34c83cfc &lt;unknown&gt;&#10;#13 0x563e34c7a418 &lt;unknown&gt;&#10;#14 0x563e34c4742f &lt;unknown&gt;&#10;#15 0x563e34c9e4e8 &lt;unknown&gt;&#10;#16 0x563e34c9e6b4 &lt;unknown&gt;&#10;#17 0x563e34caf143 &lt;unknown&gt;&#10;#18 0x7eff1dd65044 &lt;unknown&gt;">self = &lt;test_public_mip.TestPublicMIP object at 0x7f0e4c2fbd00&gt;

    def test_data(self):
        """Integration tests (data) of the public MIP."""
&gt;       super().test_data()

test_public_mip.py:24: 
_ _ _ _ _ _ _ _ _ _ _ _ _ _ _ _ _ _ _ _ _ _ _ _ _ _ _ _ _ _ _ _ _ _ _ _ _ _ _ _ 
basetest.py:63: in test_data
    dementia = selenium_driver.find_element(
/usr/local/lib/python3.9/site-packages/selenium/webdriver/remote/webdriver.py:739: in find_element
    return self.execute(Command.FIND_ELEMENT, {"using": by, "value": value})["value"]
/usr/local/lib/python3.9/site-packages/selenium/webdriver/remote/webdriver.py:345: in execute
    self.error_handler.check_response(response)
_ _ _ _ _ _ _ _ _ _ _ _ _ _ _ _ _ _ _ _ _ _ _ _ _ _ _ _ _ _ _ _ _ _ _ _ _ _ _ _ 

self = &lt;selenium.webdriver.remote.errorhandler.ErrorHandler object at 0x7f0e4c274790&gt;
response = {'status': 404, 'value': '{"value":{"error":"no such element","message":"no such element: Unable to locate element: {\...\\n#16 0x563e34c9e6b4 \\u003Cunknown&gt;\\n#17 0x563e34caf143 \\u003Cunknown&gt;\\n#18 0x7eff1dd65044 \\u003Cunknown&gt;\\n"}}'}

    def check_response(self, response: Dict[str, Any]) -&gt; None:
        """Checks that a JSON response from the WebDriver does not have an
        error.
    
        :Args:
         - response - The JSON response from the WebDriver server as a dictionary
           object.
    
        :Raises: If the response contains an error message.
        """
        status = response.get("status", None)
        if not status or status == ErrorCode.SUCCESS:
            return
        value = None
        message = response.get("message", "")
        screen: str = response.get("screen", "")
        stacktrace = None
        if isinstance(status, int):
            value_json = response.get("value", None)
            if value_json and isinstance(value_json, str):
                import json
    
                try:
                    value = json.loads(value_json)
                    if len(value) == 1:
                        value = value["value"]
                    status = value.get("error", None)
                    if not status:
                        status = value.get("status", ErrorCode.UNKNOWN_ERROR)
                        message = value.get("value") or value.get("message")
                        if not isinstance(message, str):
                            value = message
                            message = message.get("message")
                    else:
                        message = value.get("message", None)
                except ValueError:
                    pass
    
        exception_class: Type[WebDriverException]
        e = ErrorCode()
        error_codes = [item for item in dir(e) if not item.startswith("__")]
        for error_code in error_codes:
            error_info = getattr(ErrorCode, error_code)
            if isinstance(error_info, list) and status in error_info:
                exception_class = getattr(ExceptionMapping, error_code, WebDriverException)
                break
        else:
            exception_class = WebDriverException
    
        if not value:
            value = response["value"]
        if isinstance(value, str):
            raise exception_class(value)
        if message == "" and "message" in value:
            message = value["message"]
    
        screen = None  # type: ignore[assignment]
        if "screen" in value:
            screen = value["screen"]
    
        stacktrace = None
        st_value = value.get("stackTrace") or value.get("stacktrace")
        if st_value:
            if isinstance(st_value, str):
                stacktrace = st_value.split("\n")
            else:
                stacktrace = []
                try:
                    for frame in st_value:
                        line = frame.get("lineNumber", "")
                        file = frame.get("fileName", "&lt;anonymous&gt;")
                        if line:
                            file = f"{file}:{line}"
                        meth = frame.get("methodName", "&lt;anonymous&gt;")
                        if "className" in frame:
                            meth = f"{frame['className']}.{meth}"
                        msg = "    at %s (%s)"
                        msg = msg % (meth, file)
                        stacktrace.append(msg)
                except TypeError:
                    pass
        if exception_class == UnexpectedAlertPresentException:
            alert_text = None
            if "data" in value:
                alert_text = value["data"].get("text")
            elif "alert" in value:
                alert_text = value["alert"].get("text")
            raise exception_class(message, screen, stacktrace, alert_text)  # type: ignore[call-arg]  # mypy is not smart enough here
&gt;       raise exception_class(message, screen, stacktrace)
E       selenium.common.exceptions.NoSuchElementException: Message: no such element: Unable to locate element: {"method":"xpath","selector":"//div[@id='pathology-select']/div/button"}
E         (Session info: headless chrome=118.0.5993.88); For documentation on this error, please visit: https://www.selenium.dev/documentation/webdriver/troubleshooting/errors#no-such-element-exception
E       Stacktrace:
E       #0 0x563e34caffb3 &lt;unknown&gt;
E       #1 0x563e349834a7 &lt;unknown&gt;
E       #2 0x563e349cadd6 &lt;unknown&gt;
E       #3 0x563e349caec1 &lt;unknown&gt;
E       #4 0x563e34a08354 &lt;unknown&gt;
E       #5 0x563e349ec96d &lt;unknown&gt;
E       #6 0x563e34a05c02 &lt;unknown&gt;
E       #7 0x563e349ec713 &lt;unknown&gt;
E       #8 0x563e349bf18b &lt;unknown&gt;
E       #9 0x563e349bff7e &lt;unknown&gt;
E       #10 0x563e34c758d8 &lt;unknown&gt;
E       #11 0x563e34c79800 &lt;unknown&gt;
E       #12 0x563e34c83cfc &lt;unknown&gt;
E       #13 0x563e34c7a418 &lt;unknown&gt;
E       #14 0x563e34c4742f &lt;unknown&gt;
E       #15 0x563e34c9e4e8 &lt;unknown&gt;
E       #16 0x563e34c9e6b4 &lt;unknown&gt;
E       #17 0x563e34caf143 &lt;unknown&gt;
E       #18 0x7eff1dd65044 &lt;unknown&gt;

/usr/local/lib/python3.9/site-packages/selenium/webdriver/remote/errorhandler.py:229: NoSuchElementException</failure></testcase><testcase classname="test_qa_federation.TestMIPQAFederation" name="test_login_and_accept_terms[https://qa.hbpmip.link/]" time="25.046"><failure message="selenium.common.exceptions.NoSuchElementException: Message: no such element: Unable to locate element: {&quot;method&quot;:&quot;css selector&quot;,&quot;selector&quot;:&quot;#username&quot;}&#10;  (Session info: headless chrome=118.0.5993.88); For documentation on this error, please visit: https://www.selenium.dev/documentation/webdriver/troubleshooting/errors#no-such-element-exception&#10;Stacktrace:&#10;#0 0x557409620fb3 &lt;unknown&gt;&#10;#1 0x5574092f44a7 &lt;unknown&gt;&#10;#2 0x55740933bdd6 &lt;unknown&gt;&#10;#3 0x55740933bec1 &lt;unknown&gt;&#10;#4 0x557409379354 &lt;unknown&gt;&#10;#5 0x55740935d96d &lt;unknown&gt;&#10;#6 0x557409376c02 &lt;unknown&gt;&#10;#7 0x55740935d713 &lt;unknown&gt;&#10;#8 0x55740933018b &lt;unknown&gt;&#10;#9 0x557409330f7e &lt;unknown&gt;&#10;#10 0x5574095e68d8 &lt;unknown&gt;&#10;#11 0x5574095ea800 &lt;unknown&gt;&#10;#12 0x5574095f4cfc &lt;unknown&gt;&#10;#13 0x5574095eb418 &lt;unknown&gt;&#10;#14 0x5574095b842f &lt;unknown&gt;&#10;#15 0x55740960f4e8 &lt;unknown&gt;&#10;#16 0x55740960f6b4 &lt;unknown&gt;&#10;#17 0x557409620143 &lt;unknown&gt;&#10;#18 0x7fe5f0ad8044 &lt;unknown&gt;">self = &lt;test_qa_federation.TestMIPQAFederation object at 0x7f0e4c292d30&gt;

    def test_login_and_accept_terms(self):
        """Test login and accept terms on the MIP QA Federation."""
&gt;       super().test_login_and_accept_terms()

test_qa_federation.py:20: 
_ _ _ _ _ _ _ _ _ _ _ _ _ _ _ _ _ _ _ _ _ _ _ _ _ _ _ _ _ _ _ _ _ _ _ _ _ _ _ _ 
basetest.py:18: in test_login_and_accept_terms
    username = selenium_driver.find_element(By.CSS_SELECTOR, "#username")
/usr/local/lib/python3.9/site-packages/selenium/webdriver/remote/webdriver.py:739: in find_element
    return self.execute(Command.FIND_ELEMENT, {"using": by, "value": value})["value"]
/usr/local/lib/python3.9/site-packages/selenium/webdriver/remote/webdriver.py:345: in execute
    self.error_handler.check_response(response)
_ _ _ _ _ _ _ _ _ _ _ _ _ _ _ _ _ _ _ _ _ _ _ _ _ _ _ _ _ _ _ _ _ _ _ _ _ _ _ _ 

self = &lt;selenium.webdriver.remote.errorhandler.ErrorHandler object at 0x7f0e4d01c910&gt;
response = {'status': 404, 'value': '{"value":{"error":"no such element","message":"no such element: Unable to locate element: {\...\\n#16 0x55740960f6b4 \\u003Cunknown&gt;\\n#17 0x557409620143 \\u003Cunknown&gt;\\n#18 0x7fe5f0ad8044 \\u003Cunknown&gt;\\n"}}'}

    def check_response(self, response: Dict[str, Any]) -&gt; None:
        """Checks that a JSON response from the WebDriver does not have an
        error.
    
        :Args:
         - response - The JSON response from the WebDriver server as a dictionary
           object.
    
        :Raises: If the response contains an error message.
        """
        status = response.get("status", None)
        if not status or status == ErrorCode.SUCCESS:
            return
        value = None
        message = response.get("message", "")
        screen: str = response.get("screen", "")
        stacktrace = None
        if isinstance(status, int):
            value_json = response.get("value", None)
            if value_json and isinstance(value_json, str):
                import json
    
                try:
                    value = json.loads(value_json)
                    if len(value) == 1:
                        value = value["value"]
                    status = value.get("error", None)
                    if not status:
                        status = value.get("status", ErrorCode.UNKNOWN_ERROR)
                        message = value.get("value") or value.get("message")
                        if not isinstance(message, str):
                            value = message
                            message = message.get("message")
                    else:
                        message = value.get("message", None)
                except ValueError:
                    pass
    
        exception_class: Type[WebDriverException]
        e = ErrorCode()
        error_codes = [item for item in dir(e) if not item.startswith("__")]
        for error_code in error_codes:
            error_info = getattr(ErrorCode, error_code)
            if isinstance(error_info, list) and status in error_info:
                exception_class = getattr(ExceptionMapping, error_code, WebDriverException)
                break
        else:
            exception_class = WebDriverException
    
        if not value:
            value = response["value"]
        if isinstance(value, str):
            raise exception_class(value)
        if message == "" and "message" in value:
            message = value["message"]
    
        screen = None  # type: ignore[assignment]
        if "screen" in value:
            screen = value["screen"]
    
        stacktrace = None
        st_value = value.get("stackTrace") or value.get("stacktrace")
        if st_value:
            if isinstance(st_value, str):
                stacktrace = st_value.split("\n")
            else:
                stacktrace = []
                try:
                    for frame in st_value:
                        line = frame.get("lineNumber", "")
                        file = frame.get("fileName", "&lt;anonymous&gt;")
                        if line:
                            file = f"{file}:{line}"
                        meth = frame.get("methodName", "&lt;anonymous&gt;")
                        if "className" in frame:
                            meth = f"{frame['className']}.{meth}"
                        msg = "    at %s (%s)"
                        msg = msg % (meth, file)
                        stacktrace.append(msg)
                except TypeError:
                    pass
        if exception_class == UnexpectedAlertPresentException:
            alert_text = None
            if "data" in value:
                alert_text = value["data"].get("text")
            elif "alert" in value:
                alert_text = value["alert"].get("text")
            raise exception_class(message, screen, stacktrace, alert_text)  # type: ignore[call-arg]  # mypy is not smart enough here
&gt;       raise exception_class(message, screen, stacktrace)
E       selenium.common.exceptions.NoSuchElementException: Message: no such element: Unable to locate element: {"method":"css selector","selector":"#username"}
E         (Session info: headless chrome=118.0.5993.88); For documentation on this error, please visit: https://www.selenium.dev/documentation/webdriver/troubleshooting/errors#no-such-element-exception
E       Stacktrace:
E       #0 0x557409620fb3 &lt;unknown&gt;
E       #1 0x5574092f44a7 &lt;unknown&gt;
E       #2 0x55740933bdd6 &lt;unknown&gt;
E       #3 0x55740933bec1 &lt;unknown&gt;
E       #4 0x557409379354 &lt;unknown&gt;
E       #5 0x55740935d96d &lt;unknown&gt;
E       #6 0x557409376c02 &lt;unknown&gt;
E       #7 0x55740935d713 &lt;unknown&gt;
E       #8 0x55740933018b &lt;unknown&gt;
E       #9 0x557409330f7e &lt;unknown&gt;
E       #10 0x5574095e68d8 &lt;unknown&gt;
E       #11 0x5574095ea800 &lt;unknown&gt;
E       #12 0x5574095f4cfc &lt;unknown&gt;
E       #13 0x5574095eb418 &lt;unknown&gt;
E       #14 0x5574095b842f &lt;unknown&gt;
E       #15 0x55740960f4e8 &lt;unknown&gt;
E       #16 0x55740960f6b4 &lt;unknown&gt;
E       #17 0x557409620143 &lt;unknown&gt;
E       #18 0x7fe5f0ad8044 &lt;unknown&gt;

/usr/local/lib/python3.9/site-packages/selenium/webdriver/remote/errorhandler.py:229: NoSuchElementException</failure></testcase><testcase classname="test_qa_federation.TestMIPQAFederation" name="test_data[https://qa.hbpmip.link/]" time="20.109"><failure message="selenium.common.exceptions.NoSuchElementException: Message: no such element: Unable to locate element: {&quot;method&quot;:&quot;xpath&quot;,&quot;selector&quot;:&quot;//div[@id='pathology-select']/div/button&quot;}&#10;  (Session info: headless chrome=118.0.5993.88); For documentation on this error, please visit: https://www.selenium.dev/documentation/webdriver/troubleshooting/errors#no-such-element-exception&#10;Stacktrace:&#10;#0 0x557409620fb3 &lt;unknown&gt;&#10;#1 0x5574092f44a7 &lt;unknown&gt;&#10;#2 0x55740933bdd6 &lt;unknown&gt;&#10;#3 0x55740933bec1 &lt;unknown&gt;&#10;#4 0x557409379354 &lt;unknown&gt;&#10;#5 0x55740935d96d &lt;unknown&gt;&#10;#6 0x557409376c02 &lt;unknown&gt;&#10;#7 0x55740935d713 &lt;unknown&gt;&#10;#8 0x55740933018b &lt;unknown&gt;&#10;#9 0x557409330f7e &lt;unknown&gt;&#10;#10 0x5574095e68d8 &lt;unknown&gt;&#10;#11 0x5574095ea800 &lt;unknown&gt;&#10;#12 0x5574095f4cfc &lt;unknown&gt;&#10;#13 0x5574095eb418 &lt;unknown&gt;&#10;#14 0x5574095b842f &lt;unknown&gt;&#10;#15 0x55740960f4e8 &lt;unknown&gt;&#10;#16 0x55740960f6b4 &lt;unknown&gt;&#10;#17 0x557409620143 &lt;unknown&gt;&#10;#18 0x7fe5f0ad8044 &lt;unknown&gt;">self = &lt;test_qa_federation.TestMIPQAFederation object at 0x7f0e4c292430&gt;

    def test_data(self):
        """Integration tests (data) of the MIP QA Federation."""
&gt;       super().test_data()

test_qa_federation.py:24: 
_ _ _ _ _ _ _ _ _ _ _ _ _ _ _ _ _ _ _ _ _ _ _ _ _ _ _ _ _ _ _ _ _ _ _ _ _ _ _ _ 
basetest.py:63: in test_data
    dementia = selenium_driver.find_element(
/usr/local/lib/python3.9/site-packages/selenium/webdriver/remote/webdriver.py:739: in find_element
    return self.execute(Command.FIND_ELEMENT, {"using": by, "value": value})["value"]
/usr/local/lib/python3.9/site-packages/selenium/webdriver/remote/webdriver.py:345: in execute
    self.error_handler.check_response(response)
_ _ _ _ _ _ _ _ _ _ _ _ _ _ _ _ _ _ _ _ _ _ _ _ _ _ _ _ _ _ _ _ _ _ _ _ _ _ _ _ 

self = &lt;selenium.webdriver.remote.errorhandler.ErrorHandler object at 0x7f0e4d01c910&gt;
response = {'status': 404, 'value': '{"value":{"error":"no such element","message":"no such element: Unable to locate element: {\...\\n#16 0x55740960f6b4 \\u003Cunknown&gt;\\n#17 0x557409620143 \\u003Cunknown&gt;\\n#18 0x7fe5f0ad8044 \\u003Cunknown&gt;\\n"}}'}

    def check_response(self, response: Dict[str, Any]) -&gt; None:
        """Checks that a JSON response from the WebDriver does not have an
        error.
    
        :Args:
         - response - The JSON response from the WebDriver server as a dictionary
           object.
    
        :Raises: If the response contains an error message.
        """
        status = response.get("status", None)
        if not status or status == ErrorCode.SUCCESS:
            return
        value = None
        message = response.get("message", "")
        screen: str = response.get("screen", "")
        stacktrace = None
        if isinstance(status, int):
            value_json = response.get("value", None)
            if value_json and isinstance(value_json, str):
                import json
    
                try:
                    value = json.loads(value_json)
                    if len(value) == 1:
                        value = value["value"]
                    status = value.get("error", None)
                    if not status:
                        status = value.get("status", ErrorCode.UNKNOWN_ERROR)
                        message = value.get("value") or value.get("message")
                        if not isinstance(message, str):
                            value = message
                            message = message.get("message")
                    else:
                        message = value.get("message", None)
                except ValueError:
                    pass
    
        exception_class: Type[WebDriverException]
        e = ErrorCode()
        error_codes = [item for item in dir(e) if not item.startswith("__")]
        for error_code in error_codes:
            error_info = getattr(ErrorCode, error_code)
            if isinstance(error_info, list) and status in error_info:
                exception_class = getattr(ExceptionMapping, error_code, WebDriverException)
                break
        else:
            exception_class = WebDriverException
    
        if not value:
            value = response["value"]
        if isinstance(value, str):
            raise exception_class(value)
        if message == "" and "message" in value:
            message = value["message"]
    
        screen = None  # type: ignore[assignment]
        if "screen" in value:
            screen = value["screen"]
    
        stacktrace = None
        st_value = value.get("stackTrace") or value.get("stacktrace")
        if st_value:
            if isinstance(st_value, str):
                stacktrace = st_value.split("\n")
            else:
                stacktrace = []
                try:
                    for frame in st_value:
                        line = frame.get("lineNumber", "")
                        file = frame.get("fileName", "&lt;anonymous&gt;")
                        if line:
                            file = f"{file}:{line}"
                        meth = frame.get("methodName", "&lt;anonymous&gt;")
                        if "className" in frame:
                            meth = f"{frame['className']}.{meth}"
                        msg = "    at %s (%s)"
                        msg = msg % (meth, file)
                        stacktrace.append(msg)
                except TypeError:
                    pass
        if exception_class == UnexpectedAlertPresentException:
            alert_text = None
            if "data" in value:
                alert_text = value["data"].get("text")
            elif "alert" in value:
                alert_text = value["alert"].get("text")
            raise exception_class(message, screen, stacktrace, alert_text)  # type: ignore[call-arg]  # mypy is not smart enough here
&gt;       raise exception_class(message, screen, stacktrace)
E       selenium.common.exceptions.NoSuchElementException: Message: no such element: Unable to locate element: {"method":"xpath","selector":"//div[@id='pathology-select']/div/button"}
E         (Session info: headless chrome=118.0.5993.88); For documentation on this error, please visit: https://www.selenium.dev/documentation/webdriver/troubleshooting/errors#no-such-element-exception
E       Stacktrace:
E       #0 0x557409620fb3 &lt;unknown&gt;
E       #1 0x5574092f44a7 &lt;unknown&gt;
E       #2 0x55740933bdd6 &lt;unknown&gt;
E       #3 0x55740933bec1 &lt;unknown&gt;
E       #4 0x557409379354 &lt;unknown&gt;
E       #5 0x55740935d96d &lt;unknown&gt;
E       #6 0x557409376c02 &lt;unknown&gt;
E       #7 0x55740935d713 &lt;unknown&gt;
E       #8 0x55740933018b &lt;unknown&gt;
E       #9 0x557409330f7e &lt;unknown&gt;
E       #10 0x5574095e68d8 &lt;unknown&gt;
E       #11 0x5574095ea800 &lt;unknown&gt;
E       #12 0x5574095f4cfc &lt;unknown&gt;
E       #13 0x5574095eb418 &lt;unknown&gt;
E       #14 0x5574095b842f &lt;unknown&gt;
E       #15 0x55740960f4e8 &lt;unknown&gt;
E       #16 0x55740960f6b4 &lt;unknown&gt;
E       #17 0x557409620143 &lt;unknown&gt;
E       #18 0x7fe5f0ad8044 &lt;unknown&gt;

/usr/local/lib/python3.9/site-packages/selenium/webdriver/remote/errorhandler.py:229: NoSuchElementException</failure></testcase><testcase classname="test_stroke_federation.TestStrokeMIP" name="test_login_and_accept_terms[https://stroke.hbpmip.link/]" time="24.492"><failure message="selenium.common.exceptions.NoSuchElementException: Message: no such element: Unable to locate element: {&quot;method&quot;:&quot;css selector&quot;,&quot;selector&quot;:&quot;#username&quot;}&#10;  (Session info: headless chrome=118.0.5993.88); For documentation on this error, please visit: https://www.selenium.dev/documentation/webdriver/troubleshooting/errors#no-such-element-exception&#10;Stacktrace:&#10;#0 0x561b46112fb3 &lt;unknown&gt;&#10;#1 0x561b45de64a7 &lt;unknown&gt;&#10;#2 0x561b45e2ddd6 &lt;unknown&gt;&#10;#3 0x561b45e2dec1 &lt;unknown&gt;&#10;#4 0x561b45e6b354 &lt;unknown&gt;&#10;#5 0x561b45e4f96d &lt;unknown&gt;&#10;#6 0x561b45e68c02 &lt;unknown&gt;&#10;#7 0x561b45e4f713 &lt;unknown&gt;&#10;#8 0x561b45e2218b &lt;unknown&gt;&#10;#9 0x561b45e22f7e &lt;unknown&gt;&#10;#10 0x561b460d88d8 &lt;unknown&gt;&#10;#11 0x561b460dc800 &lt;unknown&gt;&#10;#12 0x561b460e6cfc &lt;unknown&gt;&#10;#13 0x561b460dd418 &lt;unknown&gt;&#10;#14 0x561b460aa42f &lt;unknown&gt;&#10;#15 0x561b461014e8 &lt;unknown&gt;&#10;#16 0x561b461016b4 &lt;unknown&gt;&#10;#17 0x561b46112143 &lt;unknown&gt;&#10;#18 0x7fae82183044 &lt;unknown&gt;">self = &lt;test_stroke_federation.TestStrokeMIP object at 0x7f0e4d2bbeb0&gt;

    def test_login_and_accept_terms(self):
        """Test login and accept terms on the Stroke (FERES) MIP."""
&gt;       super().test_login_and_accept_terms()

test_stroke_federation.py:26: 
_ _ _ _ _ _ _ _ _ _ _ _ _ _ _ _ _ _ _ _ _ _ _ _ _ _ _ _ _ _ _ _ _ _ _ _ _ _ _ _ 
basetest.py:18: in test_login_and_accept_terms
    username = selenium_driver.find_element(By.CSS_SELECTOR, "#username")
/usr/local/lib/python3.9/site-packages/selenium/webdriver/remote/webdriver.py:739: in find_element
    return self.execute(Command.FIND_ELEMENT, {"using": by, "value": value})["value"]
/usr/local/lib/python3.9/site-packages/selenium/webdriver/remote/webdriver.py:345: in execute
    self.error_handler.check_response(response)
_ _ _ _ _ _ _ _ _ _ _ _ _ _ _ _ _ _ _ _ _ _ _ _ _ _ _ _ _ _ _ _ _ _ _ _ _ _ _ _ 

self = &lt;selenium.webdriver.remote.errorhandler.ErrorHandler object at 0x7f0e4c2c5130&gt;
response = {'status': 404, 'value': '{"value":{"error":"no such element","message":"no such element: Unable to locate element: {\...\\n#16 0x561b461016b4 \\u003Cunknown&gt;\\n#17 0x561b46112143 \\u003Cunknown&gt;\\n#18 0x7fae82183044 \\u003Cunknown&gt;\\n"}}'}

    def check_response(self, response: Dict[str, Any]) -&gt; None:
        """Checks that a JSON response from the WebDriver does not have an
        error.
    
        :Args:
         - response - The JSON response from the WebDriver server as a dictionary
           object.
    
        :Raises: If the response contains an error message.
        """
        status = response.get("status", None)
        if not status or status == ErrorCode.SUCCESS:
            return
        value = None
        message = response.get("message", "")
        screen: str = response.get("screen", "")
        stacktrace = None
        if isinstance(status, int):
            value_json = response.get("value", None)
            if value_json and isinstance(value_json, str):
                import json
    
                try:
                    value = json.loads(value_json)
                    if len(value) == 1:
                        value = value["value"]
                    status = value.get("error", None)
                    if not status:
                        status = value.get("status", ErrorCode.UNKNOWN_ERROR)
                        message = value.get("value") or value.get("message")
                        if not isinstance(message, str):
                            value = message
                            message = message.get("message")
                    else:
                        message = value.get("message", None)
                except ValueError:
                    pass
    
        exception_class: Type[WebDriverException]
        e = ErrorCode()
        error_codes = [item for item in dir(e) if not item.startswith("__")]
        for error_code in error_codes:
            error_info = getattr(ErrorCode, error_code)
            if isinstance(error_info, list) and status in error_info:
                exception_class = getattr(ExceptionMapping, error_code, WebDriverException)
                break
        else:
            exception_class = WebDriverException
    
        if not value:
            value = response["value"]
        if isinstance(value, str):
            raise exception_class(value)
        if message == "" and "message" in value:
            message = value["message"]
    
        screen = None  # type: ignore[assignment]
        if "screen" in value:
            screen = value["screen"]
    
        stacktrace = None
        st_value = value.get("stackTrace") or value.get("stacktrace")
        if st_value:
            if isinstance(st_value, str):
                stacktrace = st_value.split("\n")
            else:
                stacktrace = []
                try:
                    for frame in st_value:
                        line = frame.get("lineNumber", "")
                        file = frame.get("fileName", "&lt;anonymous&gt;")
                        if line:
                            file = f"{file}:{line}"
                        meth = frame.get("methodName", "&lt;anonymous&gt;")
                        if "className" in frame:
                            meth = f"{frame['className']}.{meth}"
                        msg = "    at %s (%s)"
                        msg = msg % (meth, file)
                        stacktrace.append(msg)
                except TypeError:
                    pass
        if exception_class == UnexpectedAlertPresentException:
            alert_text = None
            if "data" in value:
                alert_text = value["data"].get("text")
            elif "alert" in value:
                alert_text = value["alert"].get("text")
            raise exception_class(message, screen, stacktrace, alert_text)  # type: ignore[call-arg]  # mypy is not smart enough here
&gt;       raise exception_class(message, screen, stacktrace)
E       selenium.common.exceptions.NoSuchElementException: Message: no such element: Unable to locate element: {"method":"css selector","selector":"#username"}
E         (Session info: headless chrome=118.0.5993.88); For documentation on this error, please visit: https://www.selenium.dev/documentation/webdriver/troubleshooting/errors#no-such-element-exception
E       Stacktrace:
E       #0 0x561b46112fb3 &lt;unknown&gt;
E       #1 0x561b45de64a7 &lt;unknown&gt;
E       #2 0x561b45e2ddd6 &lt;unknown&gt;
E       #3 0x561b45e2dec1 &lt;unknown&gt;
E       #4 0x561b45e6b354 &lt;unknown&gt;
E       #5 0x561b45e4f96d &lt;unknown&gt;
E       #6 0x561b45e68c02 &lt;unknown&gt;
E       #7 0x561b45e4f713 &lt;unknown&gt;
E       #8 0x561b45e2218b &lt;unknown&gt;
E       #9 0x561b45e22f7e &lt;unknown&gt;
E       #10 0x561b460d88d8 &lt;unknown&gt;
E       #11 0x561b460dc800 &lt;unknown&gt;
E       #12 0x561b460e6cfc &lt;unknown&gt;
E       #13 0x561b460dd418 &lt;unknown&gt;
E       #14 0x561b460aa42f &lt;unknown&gt;
E       #15 0x561b461014e8 &lt;unknown&gt;
E       #16 0x561b461016b4 &lt;unknown&gt;
E       #17 0x561b46112143 &lt;unknown&gt;
E       #18 0x7fae82183044 &lt;unknown&gt;

/usr/local/lib/python3.9/site-packages/selenium/webdriver/remote/errorhandler.py:229: NoSuchElementException</failure></testcase><testcase classname="test_stroke_federation.TestStrokeMIP" name="test_data[https://stroke.hbpmip.link/]" time="20.105"><failure message="selenium.common.exceptions.NoSuchElementException: Message: no such element: Unable to locate element: {&quot;method&quot;:&quot;css selector&quot;,&quot;selector&quot;:&quot;#dropdown-basic&quot;}&#10;  (Session info: headless chrome=118.0.5993.88); For documentation on this error, please visit: https://www.selenium.dev/documentation/webdriver/troubleshooting/errors#no-such-element-exception&#10;Stacktrace:&#10;#0 0x561b46112fb3 &lt;unknown&gt;&#10;#1 0x561b45de64a7 &lt;unknown&gt;&#10;#2 0x561b45e2ddd6 &lt;unknown&gt;&#10;#3 0x561b45e2dec1 &lt;unknown&gt;&#10;#4 0x561b45e6b354 &lt;unknown&gt;&#10;#5 0x561b45e4f96d &lt;unknown&gt;&#10;#6 0x561b45e68c02 &lt;unknown&gt;&#10;#7 0x561b45e4f713 &lt;unknown&gt;&#10;#8 0x561b45e2218b &lt;unknown&gt;&#10;#9 0x561b45e22f7e &lt;unknown&gt;&#10;#10 0x561b460d88d8 &lt;unknown&gt;&#10;#11 0x561b460dc800 &lt;unknown&gt;&#10;#12 0x561b460e6cfc &lt;unknown&gt;&#10;#13 0x561b460dd418 &lt;unknown&gt;&#10;#14 0x561b460aa42f &lt;unknown&gt;&#10;#15 0x561b461014e8 &lt;unknown&gt;&#10;#16 0x561b461016b4 &lt;unknown&gt;&#10;#17 0x561b46112143 &lt;unknown&gt;&#10;#18 0x7fae82183044 &lt;unknown&gt;">self = &lt;test_stroke_federation.TestStrokeMIP object at 0x7f0e4d2bbb80&gt;

    def test_data(self):
        """Integration tests (data) of the Stroke (FERES) MIP."""
        selenium_driver = self.driver
    
        # 1. Click 'Datasets'
&gt;       datasets = selenium_driver.find_element(By.CSS_SELECTOR, "#dropdown-basic")

test_stroke_federation.py:33: 
_ _ _ _ _ _ _ _ _ _ _ _ _ _ _ _ _ _ _ _ _ _ _ _ _ _ _ _ _ _ _ _ _ _ _ _ _ _ _ _ 
/usr/local/lib/python3.9/site-packages/selenium/webdriver/remote/webdriver.py:739: in find_element
    return self.execute(Command.FIND_ELEMENT, {"using": by, "value": value})["value"]
/usr/local/lib/python3.9/site-packages/selenium/webdriver/remote/webdriver.py:345: in execute
    self.error_handler.check_response(response)
_ _ _ _ _ _ _ _ _ _ _ _ _ _ _ _ _ _ _ _ _ _ _ _ _ _ _ _ _ _ _ _ _ _ _ _ _ _ _ _ 

self = &lt;selenium.webdriver.remote.errorhandler.ErrorHandler object at 0x7f0e4c2c5130&gt;
response = {'status': 404, 'value': '{"value":{"error":"no such element","message":"no such element: Unable to locate element: {\...\\n#16 0x561b461016b4 \\u003Cunknown&gt;\\n#17 0x561b46112143 \\u003Cunknown&gt;\\n#18 0x7fae82183044 \\u003Cunknown&gt;\\n"}}'}

    def check_response(self, response: Dict[str, Any]) -&gt; None:
        """Checks that a JSON response from the WebDriver does not have an
        error.
    
        :Args:
         - response - The JSON response from the WebDriver server as a dictionary
           object.
    
        :Raises: If the response contains an error message.
        """
        status = response.get("status", None)
        if not status or status == ErrorCode.SUCCESS:
            return
        value = None
        message = response.get("message", "")
        screen: str = response.get("screen", "")
        stacktrace = None
        if isinstance(status, int):
            value_json = response.get("value", None)
            if value_json and isinstance(value_json, str):
                import json
    
                try:
                    value = json.loads(value_json)
                    if len(value) == 1:
                        value = value["value"]
                    status = value.get("error", None)
                    if not status:
                        status = value.get("status", ErrorCode.UNKNOWN_ERROR)
                        message = value.get("value") or value.get("message")
                        if not isinstance(message, str):
                            value = message
                            message = message.get("message")
                    else:
                        message = value.get("message", None)
                except ValueError:
                    pass
    
        exception_class: Type[WebDriverException]
        e = ErrorCode()
        error_codes = [item for item in dir(e) if not item.startswith("__")]
        for error_code in error_codes:
            error_info = getattr(ErrorCode, error_code)
            if isinstance(error_info, list) and status in error_info:
                exception_class = getattr(ExceptionMapping, error_code, WebDriverException)
                break
        else:
            exception_class = WebDriverException
    
        if not value:
            value = response["value"]
        if isinstance(value, str):
            raise exception_class(value)
        if message == "" and "message" in value:
            message = value["message"]
    
        screen = None  # type: ignore[assignment]
        if "screen" in value:
            screen = value["screen"]
    
        stacktrace = None
        st_value = value.get("stackTrace") or value.get("stacktrace")
        if st_value:
            if isinstance(st_value, str):
                stacktrace = st_value.split("\n")
            else:
                stacktrace = []
                try:
                    for frame in st_value:
                        line = frame.get("lineNumber", "")
                        file = frame.get("fileName", "&lt;anonymous&gt;")
                        if line:
                            file = f"{file}:{line}"
                        meth = frame.get("methodName", "&lt;anonymous&gt;")
                        if "className" in frame:
                            meth = f"{frame['className']}.{meth}"
                        msg = "    at %s (%s)"
                        msg = msg % (meth, file)
                        stacktrace.append(msg)
                except TypeError:
                    pass
        if exception_class == UnexpectedAlertPresentException:
            alert_text = None
            if "data" in value:
                alert_text = value["data"].get("text")
            elif "alert" in value:
                alert_text = value["alert"].get("text")
            raise exception_class(message, screen, stacktrace, alert_text)  # type: ignore[call-arg]  # mypy is not smart enough here
&gt;       raise exception_class(message, screen, stacktrace)
E       selenium.common.exceptions.NoSuchElementException: Message: no such element: Unable to locate element: {"method":"css selector","selector":"#dropdown-basic"}
E         (Session info: headless chrome=118.0.5993.88); For documentation on this error, please visit: https://www.selenium.dev/documentation/webdriver/troubleshooting/errors#no-such-element-exception
E       Stacktrace:
E       #0 0x561b46112fb3 &lt;unknown&gt;
E       #1 0x561b45de64a7 &lt;unknown&gt;
E       #2 0x561b45e2ddd6 &lt;unknown&gt;
E       #3 0x561b45e2dec1 &lt;unknown&gt;
E       #4 0x561b45e6b354 &lt;unknown&gt;
E       #5 0x561b45e4f96d &lt;unknown&gt;
E       #6 0x561b45e68c02 &lt;unknown&gt;
E       #7 0x561b45e4f713 &lt;unknown&gt;
E       #8 0x561b45e2218b &lt;unknown&gt;
E       #9 0x561b45e22f7e &lt;unknown&gt;
E       #10 0x561b460d88d8 &lt;unknown&gt;
E       #11 0x561b460dc800 &lt;unknown&gt;
E       #12 0x561b460e6cfc &lt;unknown&gt;
E       #13 0x561b460dd418 &lt;unknown&gt;
E       #14 0x561b460aa42f &lt;unknown&gt;
E       #15 0x561b461014e8 &lt;unknown&gt;
E       #16 0x561b461016b4 &lt;unknown&gt;
E       #17 0x561b46112143 &lt;unknown&gt;
E       #18 0x7fae82183044 &lt;unknown&gt;

/usr/local/lib/python3.9/site-packages/selenium/webdriver/remote/errorhandler.py:229: NoSuchElementException</failure></testcase></testsuite></testsuites>