<?xml version="1.0" encoding="utf-8"?><testsuites><testsuite name="pytest" errors="0" failures="1" skipped="0" tests="4" time="71.908" timestamp="2023-04-20T08:33:56.420155" hostname="596c35b01204"><testcase classname="test_public_mip.TestPublicMIP" name="test_login_and_accept_terms[https://hbpmip.link/]" time="25.634" /><testcase classname="test_public_mip.TestPublicMIP" name="test_data[https://hbpmip.link/]" time="18.650" /><testcase classname="test_qa_federation.TestMIPQAFederation" name="test_login_and_accept_terms[https://qa.hbpmip.link/]" time="25.627" /><testcase classname="test_qa_federation.TestMIPQAFederation" name="test_data[https://qa.hbpmip.link/]" time="1.619"><failure message="selenium.common.exceptions.ElementClickInterceptedException: Message: element click intercepted: Element &lt;button id=&quot;dropdown-basic&quot; type=&quot;button&quot; class=&quot;sc-jOrMOR chPCix btn btn-light btn-sm&quot;&gt;...&lt;/button&gt; is not clickable at point (208, 82). Other element would receive the click: &lt;div role=&quot;dialog&quot; aria-modal=&quot;true&quot; class=&quot;fade modal&quot; tabindex=&quot;-1&quot; style=&quot;display: block;&quot;&gt;...&lt;/div&gt;&#10;  (Session info: headless chrome=112.0.5615.49)&#10;Stacktrace:&#10;#0 0x5645de0c1fe3 &lt;unknown&gt;&#10;#1 0x5645dde00d36 &lt;unknown&gt;&#10;#2 0x5645dde44aef &lt;unknown&gt;&#10;#3 0x5645dde42a31 &lt;unknown&gt;&#10;#4 0x5645dde402de &lt;unknown&gt;&#10;#5 0x5645dde3f358 &lt;unknown&gt;&#10;#6 0x5645dde330c5 &lt;unknown&gt;&#10;#7 0x5645dde5e8c2 &lt;unknown&gt;&#10;#8 0x5645dde32943 &lt;unknown&gt;&#10;#9 0x5645dde5ea8e &lt;unknown&gt;&#10;#10 0x5645dde77232 &lt;unknown&gt;&#10;#11 0x5645dde5e693 &lt;unknown&gt;&#10;#12 0x5645dde3103a &lt;unknown&gt;&#10;#13 0x5645dde3217e &lt;unknown&gt;&#10;#14 0x5645de083dbd &lt;unknown&gt;&#10;#15 0x5645de087c6c &lt;unknown&gt;&#10;#16 0x5645de0914b0 &lt;unknown&gt;&#10;#17 0x5645de088d63 &lt;unknown&gt;&#10;#18 0x5645de05bc35 &lt;unknown&gt;&#10;#19 0x5645de0ac138 &lt;unknown&gt;&#10;#20 0x5645de0ac2c7 &lt;unknown&gt;&#10;#21 0x5645de0ba093 &lt;unknown&gt;&#10;#22 0x7f3cfc851ea7 start_thread">self = &lt;test_qa_federation.TestMIPQAFederation object at 0x7fc5f14e28b0&gt;

    def test_data(self):
        """Integration tests (data) of the MIP QA Federation."""
&gt;       super().test_data()

test_qa_federation.py:24: 
_ _ _ _ _ _ _ _ _ _ _ _ _ _ _ _ _ _ _ _ _ _ _ _ _ _ _ _ _ _ _ _ _ _ _ _ _ _ _ _ 
basetest.py:78: in test_data
    datasets.click()
/usr/local/lib/python3.9/site-packages/selenium/webdriver/remote/webelement.py:93: in click
    self._execute(Command.CLICK_ELEMENT)
/usr/local/lib/python3.9/site-packages/selenium/webdriver/remote/webelement.py:403: in _execute
    return self._parent.execute(command, params)
/usr/local/lib/python3.9/site-packages/selenium/webdriver/remote/webdriver.py:440: in execute
    self.error_handler.check_response(response)
_ _ _ _ _ _ _ _ _ _ _ _ _ _ _ _ _ _ _ _ _ _ _ _ _ _ _ _ _ _ _ _ _ _ _ _ _ _ _ _ 

self = &lt;selenium.webdriver.remote.errorhandler.ErrorHandler object at 0x7fc5f1456820&gt;
response = {'status': 400, 'value': '{"value":{"error":"element click intercepted","message":"element click intercepted: Element ...wn&gt;\\n#20 0x5645de0ac2c7 \\u003Cunknown&gt;\\n#21 0x5645de0ba093 \\u003Cunknown&gt;\\n#22 0x7f3cfc851ea7 start_thread\\n"}}'}

    def check_response(self, response: Dict[str, Any]) -&gt; None:
        """Checks that a JSON response from the WebDriver does not have an
        error.
    
        :Args:
         - response - The JSON response from the WebDriver server as a dictionary
           object.
    
        :Raises: If the response contains an error message.
        """
        status = response.get("status", None)
        if not status or status == ErrorCode.SUCCESS:
            return
        value = None
        message = response.get("message", "")
        screen: str = response.get("screen", "")
        stacktrace = None
        if isinstance(status, int):
            value_json = response.get("value", None)
            if value_json and isinstance(value_json, str):
                import json
    
                try:
                    value = json.loads(value_json)
                    if len(value.keys()) == 1:
                        value = value["value"]
                    status = value.get("error", None)
                    if not status:
                        status = value.get("status", ErrorCode.UNKNOWN_ERROR)
                        message = value.get("value") or value.get("message")
                        if not isinstance(message, str):
                            value = message
                            message = message.get("message")
                    else:
                        message = value.get("message", None)
                except ValueError:
                    pass
    
        exception_class: Type[WebDriverException]
        if status in ErrorCode.NO_SUCH_ELEMENT:
            exception_class = NoSuchElementException
        elif status in ErrorCode.NO_SUCH_FRAME:
            exception_class = NoSuchFrameException
        elif status in ErrorCode.NO_SUCH_SHADOW_ROOT:
            exception_class = NoSuchShadowRootException
        elif status in ErrorCode.NO_SUCH_WINDOW:
            exception_class = NoSuchWindowException
        elif status in ErrorCode.STALE_ELEMENT_REFERENCE:
            exception_class = StaleElementReferenceException
        elif status in ErrorCode.ELEMENT_NOT_VISIBLE:
            exception_class = ElementNotVisibleException
        elif status in ErrorCode.INVALID_ELEMENT_STATE:
            exception_class = InvalidElementStateException
        elif (
            status in ErrorCode.INVALID_SELECTOR
            or status in ErrorCode.INVALID_XPATH_SELECTOR
            or status in ErrorCode.INVALID_XPATH_SELECTOR_RETURN_TYPER
        ):
            exception_class = InvalidSelectorException
        elif status in ErrorCode.ELEMENT_IS_NOT_SELECTABLE:
            exception_class = ElementNotSelectableException
        elif status in ErrorCode.ELEMENT_NOT_INTERACTABLE:
            exception_class = ElementNotInteractableException
        elif status in ErrorCode.INVALID_COOKIE_DOMAIN:
            exception_class = InvalidCookieDomainException
        elif status in ErrorCode.UNABLE_TO_SET_COOKIE:
            exception_class = UnableToSetCookieException
        elif status in ErrorCode.TIMEOUT:
            exception_class = TimeoutException
        elif status in ErrorCode.SCRIPT_TIMEOUT:
            exception_class = TimeoutException
        elif status in ErrorCode.UNKNOWN_ERROR:
            exception_class = WebDriverException
        elif status in ErrorCode.UNEXPECTED_ALERT_OPEN:
            exception_class = UnexpectedAlertPresentException
        elif status in ErrorCode.NO_ALERT_OPEN:
            exception_class = NoAlertPresentException
        elif status in ErrorCode.IME_NOT_AVAILABLE:
            exception_class = ImeNotAvailableException
        elif status in ErrorCode.IME_ENGINE_ACTIVATION_FAILED:
            exception_class = ImeActivationFailedException
        elif status in ErrorCode.MOVE_TARGET_OUT_OF_BOUNDS:
            exception_class = MoveTargetOutOfBoundsException
        elif status in ErrorCode.JAVASCRIPT_ERROR:
            exception_class = JavascriptException
        elif status in ErrorCode.SESSION_NOT_CREATED:
            exception_class = SessionNotCreatedException
        elif status in ErrorCode.INVALID_ARGUMENT:
            exception_class = InvalidArgumentException
        elif status in ErrorCode.NO_SUCH_COOKIE:
            exception_class = NoSuchCookieException
        elif status in ErrorCode.UNABLE_TO_CAPTURE_SCREEN:
            exception_class = ScreenshotException
        elif status in ErrorCode.ELEMENT_CLICK_INTERCEPTED:
            exception_class = ElementClickInterceptedException
        elif status in ErrorCode.INSECURE_CERTIFICATE:
            exception_class = InsecureCertificateException
        elif status in ErrorCode.INVALID_COORDINATES:
            exception_class = InvalidCoordinatesException
        elif status in ErrorCode.INVALID_SESSION_ID:
            exception_class = InvalidSessionIdException
        elif status in ErrorCode.UNKNOWN_METHOD:
            exception_class = UnknownMethodException
        else:
            exception_class = WebDriverException
        if not value:
            value = response["value"]
        if isinstance(value, str):
            raise exception_class(value)
        if message == "" and "message" in value:
            message = value["message"]
    
        screen = None  # type: ignore[assignment]
        if "screen" in value:
            screen = value["screen"]
    
        stacktrace = None
        st_value = value.get("stackTrace") or value.get("stacktrace")
        if st_value:
            if isinstance(st_value, str):
                stacktrace = st_value.split("\n")
            else:
                stacktrace = []
                try:
                    for frame in st_value:
                        line = frame.get("lineNumber", "")
                        file = frame.get("fileName", "&lt;anonymous&gt;")
                        if line:
                            file = f"{file}:{line}"
                        meth = frame.get("methodName", "&lt;anonymous&gt;")
                        if "className" in frame:
                            meth = f"{frame['className']}.{meth}"
                        msg = "    at %s (%s)"
                        msg = msg % (meth, file)
                        stacktrace.append(msg)
                except TypeError:
                    pass
        if exception_class == UnexpectedAlertPresentException:
            alert_text = None
            if "data" in value:
                alert_text = value["data"].get("text")
            elif "alert" in value:
                alert_text = value["alert"].get("text")
            raise exception_class(message, screen, stacktrace, alert_text)  # type: ignore[call-arg]  # mypy is not smart enough here
&gt;       raise exception_class(message, screen, stacktrace)
E       selenium.common.exceptions.ElementClickInterceptedException: Message: element click intercepted: Element &lt;button id="dropdown-basic" type="button" class="sc-jOrMOR chPCix btn btn-light btn-sm"&gt;...&lt;/button&gt; is not clickable at point (208, 82). Other element would receive the click: &lt;div role="dialog" aria-modal="true" class="fade modal" tabindex="-1" style="display: block;"&gt;...&lt;/div&gt;
E         (Session info: headless chrome=112.0.5615.49)
E       Stacktrace:
E       #0 0x5645de0c1fe3 &lt;unknown&gt;
E       #1 0x5645dde00d36 &lt;unknown&gt;
E       #2 0x5645dde44aef &lt;unknown&gt;
E       #3 0x5645dde42a31 &lt;unknown&gt;
E       #4 0x5645dde402de &lt;unknown&gt;
E       #5 0x5645dde3f358 &lt;unknown&gt;
E       #6 0x5645dde330c5 &lt;unknown&gt;
E       #7 0x5645dde5e8c2 &lt;unknown&gt;
E       #8 0x5645dde32943 &lt;unknown&gt;
E       #9 0x5645dde5ea8e &lt;unknown&gt;
E       #10 0x5645dde77232 &lt;unknown&gt;
E       #11 0x5645dde5e693 &lt;unknown&gt;
E       #12 0x5645dde3103a &lt;unknown&gt;
E       #13 0x5645dde3217e &lt;unknown&gt;
E       #14 0x5645de083dbd &lt;unknown&gt;
E       #15 0x5645de087c6c &lt;unknown&gt;
E       #16 0x5645de0914b0 &lt;unknown&gt;
E       #17 0x5645de088d63 &lt;unknown&gt;
E       #18 0x5645de05bc35 &lt;unknown&gt;
E       #19 0x5645de0ac138 &lt;unknown&gt;
E       #20 0x5645de0ac2c7 &lt;unknown&gt;
E       #21 0x5645de0ba093 &lt;unknown&gt;
E       #22 0x7f3cfc851ea7 start_thread

/usr/local/lib/python3.9/site-packages/selenium/webdriver/remote/errorhandler.py:245: ElementClickInterceptedException</failure></testcase></testsuite></testsuites>