<?xml version="1.0" encoding="utf-8"?><testsuites><testsuite name="pytest" errors="0" failures="5" skipped="0" tests="6" time="160.346" timestamp="2023-09-10T07:00:32.114721" hostname="a2bae650179d"><testcase classname="test_public_mip.TestPublicMIP" name="test_login_and_accept_terms[https://hbpmip.link/]" time="47.415" /><testcase classname="test_public_mip.TestPublicMIP" name="test_data[https://hbpmip.link/]" time="20.107"><failure message="selenium.common.exceptions.NoSuchElementException: Message: no such element: Unable to locate element: {&quot;method&quot;:&quot;xpath&quot;,&quot;selector&quot;:&quot;//div[@id='pathology-select']/div/button&quot;}&#10;  (Session info: headless chrome=116.0.5845.179); For documentation on this error, please visit: https://www.selenium.dev/documentation/webdriver/troubleshooting/errors#no-such-element-exception&#10;Stacktrace:&#10;#0 0x56504a5abe23 &lt;unknown&gt;&#10;#1 0x56504a2d47a7 &lt;unknown&gt;&#10;#2 0x56504a3131d3 &lt;unknown&gt;&#10;#3 0x56504a3132c1 &lt;unknown&gt;&#10;#4 0x56504a34ea04 &lt;unknown&gt;&#10;#5 0x56504a33403d &lt;unknown&gt;&#10;#6 0x56504a34c369 &lt;unknown&gt;&#10;#7 0x56504a333de3 &lt;unknown&gt;&#10;#8 0x56504a307a7b &lt;unknown&gt;&#10;#9 0x56504a30881e &lt;unknown&gt;&#10;#10 0x56504a56d638 &lt;unknown&gt;&#10;#11 0x56504a571507 &lt;unknown&gt;&#10;#12 0x56504a57bc4c &lt;unknown&gt;&#10;#13 0x56504a572136 &lt;unknown&gt;&#10;#14 0x56504a5409cf &lt;unknown&gt;&#10;#15 0x56504a595b98 &lt;unknown&gt;&#10;#16 0x56504a595d68 &lt;unknown&gt;&#10;#17 0x56504a5a4cb3 &lt;unknown&gt;&#10;#18 0x7f5420b42044 &lt;unknown&gt;">self = &lt;test_public_mip.TestPublicMIP object at 0x7f2739183d60&gt;

    def test_data(self):
        """Integration tests (data) of the public MIP."""
&gt;       super().test_data()

test_public_mip.py:24: 
_ _ _ _ _ _ _ _ _ _ _ _ _ _ _ _ _ _ _ _ _ _ _ _ _ _ _ _ _ _ _ _ _ _ _ _ _ _ _ _ 
basetest.py:63: in test_data
    dementia = selenium_driver.find_element(
/usr/local/lib/python3.9/site-packages/selenium/webdriver/remote/webdriver.py:739: in find_element
    return self.execute(Command.FIND_ELEMENT, {"using": by, "value": value})["value"]
/usr/local/lib/python3.9/site-packages/selenium/webdriver/remote/webdriver.py:345: in execute
    self.error_handler.check_response(response)
_ _ _ _ _ _ _ _ _ _ _ _ _ _ _ _ _ _ _ _ _ _ _ _ _ _ _ _ _ _ _ _ _ _ _ _ _ _ _ _ 

self = &lt;selenium.webdriver.remote.errorhandler.ErrorHandler object at 0x7f2739183ac0&gt;
response = {'status': 404, 'value': '{"value":{"error":"no such element","message":"no such element: Unable to locate element: {\...\\n#16 0x56504a595d68 \\u003Cunknown&gt;\\n#17 0x56504a5a4cb3 \\u003Cunknown&gt;\\n#18 0x7f5420b42044 \\u003Cunknown&gt;\\n"}}'}

    def check_response(self, response: Dict[str, Any]) -&gt; None:
        """Checks that a JSON response from the WebDriver does not have an
        error.
    
        :Args:
         - response - The JSON response from the WebDriver server as a dictionary
           object.
    
        :Raises: If the response contains an error message.
        """
        status = response.get("status", None)
        if not status or status == ErrorCode.SUCCESS:
            return
        value = None
        message = response.get("message", "")
        screen: str = response.get("screen", "")
        stacktrace = None
        if isinstance(status, int):
            value_json = response.get("value", None)
            if value_json and isinstance(value_json, str):
                import json
    
                try:
                    value = json.loads(value_json)
                    if len(value) == 1:
                        value = value["value"]
                    status = value.get("error", None)
                    if not status:
                        status = value.get("status", ErrorCode.UNKNOWN_ERROR)
                        message = value.get("value") or value.get("message")
                        if not isinstance(message, str):
                            value = message
                            message = message.get("message")
                    else:
                        message = value.get("message", None)
                except ValueError:
                    pass
    
        exception_class: Type[WebDriverException]
        e = ErrorCode()
        error_codes = [item for item in dir(e) if not item.startswith("__")]
        for error_code in error_codes:
            error_info = getattr(ErrorCode, error_code)
            if isinstance(error_info, list) and status in error_info:
                exception_class = getattr(ExceptionMapping, error_code, WebDriverException)
                break
        else:
            exception_class = WebDriverException
    
        if not value:
            value = response["value"]
        if isinstance(value, str):
            raise exception_class(value)
        if message == "" and "message" in value:
            message = value["message"]
    
        screen = None  # type: ignore[assignment]
        if "screen" in value:
            screen = value["screen"]
    
        stacktrace = None
        st_value = value.get("stackTrace") or value.get("stacktrace")
        if st_value:
            if isinstance(st_value, str):
                stacktrace = st_value.split("\n")
            else:
                stacktrace = []
                try:
                    for frame in st_value:
                        line = frame.get("lineNumber", "")
                        file = frame.get("fileName", "&lt;anonymous&gt;")
                        if line:
                            file = f"{file}:{line}"
                        meth = frame.get("methodName", "&lt;anonymous&gt;")
                        if "className" in frame:
                            meth = f"{frame['className']}.{meth}"
                        msg = "    at %s (%s)"
                        msg = msg % (meth, file)
                        stacktrace.append(msg)
                except TypeError:
                    pass
        if exception_class == UnexpectedAlertPresentException:
            alert_text = None
            if "data" in value:
                alert_text = value["data"].get("text")
            elif "alert" in value:
                alert_text = value["alert"].get("text")
            raise exception_class(message, screen, stacktrace, alert_text)  # type: ignore[call-arg]  # mypy is not smart enough here
&gt;       raise exception_class(message, screen, stacktrace)
E       selenium.common.exceptions.NoSuchElementException: Message: no such element: Unable to locate element: {"method":"xpath","selector":"//div[@id='pathology-select']/div/button"}
E         (Session info: headless chrome=116.0.5845.179); For documentation on this error, please visit: https://www.selenium.dev/documentation/webdriver/troubleshooting/errors#no-such-element-exception
E       Stacktrace:
E       #0 0x56504a5abe23 &lt;unknown&gt;
E       #1 0x56504a2d47a7 &lt;unknown&gt;
E       #2 0x56504a3131d3 &lt;unknown&gt;
E       #3 0x56504a3132c1 &lt;unknown&gt;
E       #4 0x56504a34ea04 &lt;unknown&gt;
E       #5 0x56504a33403d &lt;unknown&gt;
E       #6 0x56504a34c369 &lt;unknown&gt;
E       #7 0x56504a333de3 &lt;unknown&gt;
E       #8 0x56504a307a7b &lt;unknown&gt;
E       #9 0x56504a30881e &lt;unknown&gt;
E       #10 0x56504a56d638 &lt;unknown&gt;
E       #11 0x56504a571507 &lt;unknown&gt;
E       #12 0x56504a57bc4c &lt;unknown&gt;
E       #13 0x56504a572136 &lt;unknown&gt;
E       #14 0x56504a5409cf &lt;unknown&gt;
E       #15 0x56504a595b98 &lt;unknown&gt;
E       #16 0x56504a595d68 &lt;unknown&gt;
E       #17 0x56504a5a4cb3 &lt;unknown&gt;
E       #18 0x7f5420b42044 &lt;unknown&gt;

/usr/local/lib/python3.9/site-packages/selenium/webdriver/remote/errorhandler.py:229: NoSuchElementException</failure></testcase><testcase classname="test_qa_federation.TestMIPQAFederation" name="test_login_and_accept_terms[https://qa.hbpmip.link/]" time="23.714"><failure message="selenium.common.exceptions.NoSuchElementException: Message: no such element: Unable to locate element: {&quot;method&quot;:&quot;css selector&quot;,&quot;selector&quot;:&quot;#username&quot;}&#10;  (Session info: headless chrome=116.0.5845.179); For documentation on this error, please visit: https://www.selenium.dev/documentation/webdriver/troubleshooting/errors#no-such-element-exception&#10;Stacktrace:&#10;#0 0x55bff9d8be23 &lt;unknown&gt;&#10;#1 0x55bff9ab47a7 &lt;unknown&gt;&#10;#2 0x55bff9af31d3 &lt;unknown&gt;&#10;#3 0x55bff9af32c1 &lt;unknown&gt;&#10;#4 0x55bff9b2ea04 &lt;unknown&gt;&#10;#5 0x55bff9b1403d &lt;unknown&gt;&#10;#6 0x55bff9b2c369 &lt;unknown&gt;&#10;#7 0x55bff9b13de3 &lt;unknown&gt;&#10;#8 0x55bff9ae7a7b &lt;unknown&gt;&#10;#9 0x55bff9ae881e &lt;unknown&gt;&#10;#10 0x55bff9d4d638 &lt;unknown&gt;&#10;#11 0x55bff9d51507 &lt;unknown&gt;&#10;#12 0x55bff9d5bc4c &lt;unknown&gt;&#10;#13 0x55bff9d52136 &lt;unknown&gt;&#10;#14 0x55bff9d209cf &lt;unknown&gt;&#10;#15 0x55bff9d75b98 &lt;unknown&gt;&#10;#16 0x55bff9d75d68 &lt;unknown&gt;&#10;#17 0x55bff9d84cb3 &lt;unknown&gt;&#10;#18 0x7f6b85e3f044 &lt;unknown&gt;">self = &lt;test_qa_federation.TestMIPQAFederation object at 0x7f273911c100&gt;

    def test_login_and_accept_terms(self):
        """Test login and accept terms on the MIP QA Federation."""
&gt;       super().test_login_and_accept_terms()

test_qa_federation.py:20: 
_ _ _ _ _ _ _ _ _ _ _ _ _ _ _ _ _ _ _ _ _ _ _ _ _ _ _ _ _ _ _ _ _ _ _ _ _ _ _ _ 
basetest.py:18: in test_login_and_accept_terms
    username = selenium_driver.find_element(By.CSS_SELECTOR, "#username")
/usr/local/lib/python3.9/site-packages/selenium/webdriver/remote/webdriver.py:739: in find_element
    return self.execute(Command.FIND_ELEMENT, {"using": by, "value": value})["value"]
/usr/local/lib/python3.9/site-packages/selenium/webdriver/remote/webdriver.py:345: in execute
    self.error_handler.check_response(response)
_ _ _ _ _ _ _ _ _ _ _ _ _ _ _ _ _ _ _ _ _ _ _ _ _ _ _ _ _ _ _ _ _ _ _ _ _ _ _ _ 

self = &lt;selenium.webdriver.remote.errorhandler.ErrorHandler object at 0x7f2739183df0&gt;
response = {'status': 404, 'value': '{"value":{"error":"no such element","message":"no such element: Unable to locate element: {\...\\n#16 0x55bff9d75d68 \\u003Cunknown&gt;\\n#17 0x55bff9d84cb3 \\u003Cunknown&gt;\\n#18 0x7f6b85e3f044 \\u003Cunknown&gt;\\n"}}'}

    def check_response(self, response: Dict[str, Any]) -&gt; None:
        """Checks that a JSON response from the WebDriver does not have an
        error.
    
        :Args:
         - response - The JSON response from the WebDriver server as a dictionary
           object.
    
        :Raises: If the response contains an error message.
        """
        status = response.get("status", None)
        if not status or status == ErrorCode.SUCCESS:
            return
        value = None
        message = response.get("message", "")
        screen: str = response.get("screen", "")
        stacktrace = None
        if isinstance(status, int):
            value_json = response.get("value", None)
            if value_json and isinstance(value_json, str):
                import json
    
                try:
                    value = json.loads(value_json)
                    if len(value) == 1:
                        value = value["value"]
                    status = value.get("error", None)
                    if not status:
                        status = value.get("status", ErrorCode.UNKNOWN_ERROR)
                        message = value.get("value") or value.get("message")
                        if not isinstance(message, str):
                            value = message
                            message = message.get("message")
                    else:
                        message = value.get("message", None)
                except ValueError:
                    pass
    
        exception_class: Type[WebDriverException]
        e = ErrorCode()
        error_codes = [item for item in dir(e) if not item.startswith("__")]
        for error_code in error_codes:
            error_info = getattr(ErrorCode, error_code)
            if isinstance(error_info, list) and status in error_info:
                exception_class = getattr(ExceptionMapping, error_code, WebDriverException)
                break
        else:
            exception_class = WebDriverException
    
        if not value:
            value = response["value"]
        if isinstance(value, str):
            raise exception_class(value)
        if message == "" and "message" in value:
            message = value["message"]
    
        screen = None  # type: ignore[assignment]
        if "screen" in value:
            screen = value["screen"]
    
        stacktrace = None
        st_value = value.get("stackTrace") or value.get("stacktrace")
        if st_value:
            if isinstance(st_value, str):
                stacktrace = st_value.split("\n")
            else:
                stacktrace = []
                try:
                    for frame in st_value:
                        line = frame.get("lineNumber", "")
                        file = frame.get("fileName", "&lt;anonymous&gt;")
                        if line:
                            file = f"{file}:{line}"
                        meth = frame.get("methodName", "&lt;anonymous&gt;")
                        if "className" in frame:
                            meth = f"{frame['className']}.{meth}"
                        msg = "    at %s (%s)"
                        msg = msg % (meth, file)
                        stacktrace.append(msg)
                except TypeError:
                    pass
        if exception_class == UnexpectedAlertPresentException:
            alert_text = None
            if "data" in value:
                alert_text = value["data"].get("text")
            elif "alert" in value:
                alert_text = value["alert"].get("text")
            raise exception_class(message, screen, stacktrace, alert_text)  # type: ignore[call-arg]  # mypy is not smart enough here
&gt;       raise exception_class(message, screen, stacktrace)
E       selenium.common.exceptions.NoSuchElementException: Message: no such element: Unable to locate element: {"method":"css selector","selector":"#username"}
E         (Session info: headless chrome=116.0.5845.179); For documentation on this error, please visit: https://www.selenium.dev/documentation/webdriver/troubleshooting/errors#no-such-element-exception
E       Stacktrace:
E       #0 0x55bff9d8be23 &lt;unknown&gt;
E       #1 0x55bff9ab47a7 &lt;unknown&gt;
E       #2 0x55bff9af31d3 &lt;unknown&gt;
E       #3 0x55bff9af32c1 &lt;unknown&gt;
E       #4 0x55bff9b2ea04 &lt;unknown&gt;
E       #5 0x55bff9b1403d &lt;unknown&gt;
E       #6 0x55bff9b2c369 &lt;unknown&gt;
E       #7 0x55bff9b13de3 &lt;unknown&gt;
E       #8 0x55bff9ae7a7b &lt;unknown&gt;
E       #9 0x55bff9ae881e &lt;unknown&gt;
E       #10 0x55bff9d4d638 &lt;unknown&gt;
E       #11 0x55bff9d51507 &lt;unknown&gt;
E       #12 0x55bff9d5bc4c &lt;unknown&gt;
E       #13 0x55bff9d52136 &lt;unknown&gt;
E       #14 0x55bff9d209cf &lt;unknown&gt;
E       #15 0x55bff9d75b98 &lt;unknown&gt;
E       #16 0x55bff9d75d68 &lt;unknown&gt;
E       #17 0x55bff9d84cb3 &lt;unknown&gt;
E       #18 0x7f6b85e3f044 &lt;unknown&gt;

/usr/local/lib/python3.9/site-packages/selenium/webdriver/remote/errorhandler.py:229: NoSuchElementException</failure></testcase><testcase classname="test_qa_federation.TestMIPQAFederation" name="test_data[https://qa.hbpmip.link/]" time="20.091"><failure message="selenium.common.exceptions.NoSuchElementException: Message: no such element: Unable to locate element: {&quot;method&quot;:&quot;xpath&quot;,&quot;selector&quot;:&quot;//div[@id='pathology-select']/div/button&quot;}&#10;  (Session info: headless chrome=116.0.5845.179); For documentation on this error, please visit: https://www.selenium.dev/documentation/webdriver/troubleshooting/errors#no-such-element-exception&#10;Stacktrace:&#10;#0 0x55bff9d8be23 &lt;unknown&gt;&#10;#1 0x55bff9ab47a7 &lt;unknown&gt;&#10;#2 0x55bff9af31d3 &lt;unknown&gt;&#10;#3 0x55bff9af32c1 &lt;unknown&gt;&#10;#4 0x55bff9b2ea04 &lt;unknown&gt;&#10;#5 0x55bff9b1403d &lt;unknown&gt;&#10;#6 0x55bff9b2c369 &lt;unknown&gt;&#10;#7 0x55bff9b13de3 &lt;unknown&gt;&#10;#8 0x55bff9ae7a7b &lt;unknown&gt;&#10;#9 0x55bff9ae881e &lt;unknown&gt;&#10;#10 0x55bff9d4d638 &lt;unknown&gt;&#10;#11 0x55bff9d51507 &lt;unknown&gt;&#10;#12 0x55bff9d5bc4c &lt;unknown&gt;&#10;#13 0x55bff9d52136 &lt;unknown&gt;&#10;#14 0x55bff9d209cf &lt;unknown&gt;&#10;#15 0x55bff9d75b98 &lt;unknown&gt;&#10;#16 0x55bff9d75d68 &lt;unknown&gt;&#10;#17 0x55bff9d84cb3 &lt;unknown&gt;&#10;#18 0x7f6b85e3f044 &lt;unknown&gt;">self = &lt;test_qa_federation.TestMIPQAFederation object at 0x7f273911c190&gt;

    def test_data(self):
        """Integration tests (data) of the MIP QA Federation."""
&gt;       super().test_data()

test_qa_federation.py:24: 
_ _ _ _ _ _ _ _ _ _ _ _ _ _ _ _ _ _ _ _ _ _ _ _ _ _ _ _ _ _ _ _ _ _ _ _ _ _ _ _ 
basetest.py:63: in test_data
    dementia = selenium_driver.find_element(
/usr/local/lib/python3.9/site-packages/selenium/webdriver/remote/webdriver.py:739: in find_element
    return self.execute(Command.FIND_ELEMENT, {"using": by, "value": value})["value"]
/usr/local/lib/python3.9/site-packages/selenium/webdriver/remote/webdriver.py:345: in execute
    self.error_handler.check_response(response)
_ _ _ _ _ _ _ _ _ _ _ _ _ _ _ _ _ _ _ _ _ _ _ _ _ _ _ _ _ _ _ _ _ _ _ _ _ _ _ _ 

self = &lt;selenium.webdriver.remote.errorhandler.ErrorHandler object at 0x7f2739183df0&gt;
response = {'status': 404, 'value': '{"value":{"error":"no such element","message":"no such element: Unable to locate element: {\...\\n#16 0x55bff9d75d68 \\u003Cunknown&gt;\\n#17 0x55bff9d84cb3 \\u003Cunknown&gt;\\n#18 0x7f6b85e3f044 \\u003Cunknown&gt;\\n"}}'}

    def check_response(self, response: Dict[str, Any]) -&gt; None:
        """Checks that a JSON response from the WebDriver does not have an
        error.
    
        :Args:
         - response - The JSON response from the WebDriver server as a dictionary
           object.
    
        :Raises: If the response contains an error message.
        """
        status = response.get("status", None)
        if not status or status == ErrorCode.SUCCESS:
            return
        value = None
        message = response.get("message", "")
        screen: str = response.get("screen", "")
        stacktrace = None
        if isinstance(status, int):
            value_json = response.get("value", None)
            if value_json and isinstance(value_json, str):
                import json
    
                try:
                    value = json.loads(value_json)
                    if len(value) == 1:
                        value = value["value"]
                    status = value.get("error", None)
                    if not status:
                        status = value.get("status", ErrorCode.UNKNOWN_ERROR)
                        message = value.get("value") or value.get("message")
                        if not isinstance(message, str):
                            value = message
                            message = message.get("message")
                    else:
                        message = value.get("message", None)
                except ValueError:
                    pass
    
        exception_class: Type[WebDriverException]
        e = ErrorCode()
        error_codes = [item for item in dir(e) if not item.startswith("__")]
        for error_code in error_codes:
            error_info = getattr(ErrorCode, error_code)
            if isinstance(error_info, list) and status in error_info:
                exception_class = getattr(ExceptionMapping, error_code, WebDriverException)
                break
        else:
            exception_class = WebDriverException
    
        if not value:
            value = response["value"]
        if isinstance(value, str):
            raise exception_class(value)
        if message == "" and "message" in value:
            message = value["message"]
    
        screen = None  # type: ignore[assignment]
        if "screen" in value:
            screen = value["screen"]
    
        stacktrace = None
        st_value = value.get("stackTrace") or value.get("stacktrace")
        if st_value:
            if isinstance(st_value, str):
                stacktrace = st_value.split("\n")
            else:
                stacktrace = []
                try:
                    for frame in st_value:
                        line = frame.get("lineNumber", "")
                        file = frame.get("fileName", "&lt;anonymous&gt;")
                        if line:
                            file = f"{file}:{line}"
                        meth = frame.get("methodName", "&lt;anonymous&gt;")
                        if "className" in frame:
                            meth = f"{frame['className']}.{meth}"
                        msg = "    at %s (%s)"
                        msg = msg % (meth, file)
                        stacktrace.append(msg)
                except TypeError:
                    pass
        if exception_class == UnexpectedAlertPresentException:
            alert_text = None
            if "data" in value:
                alert_text = value["data"].get("text")
            elif "alert" in value:
                alert_text = value["alert"].get("text")
            raise exception_class(message, screen, stacktrace, alert_text)  # type: ignore[call-arg]  # mypy is not smart enough here
&gt;       raise exception_class(message, screen, stacktrace)
E       selenium.common.exceptions.NoSuchElementException: Message: no such element: Unable to locate element: {"method":"xpath","selector":"//div[@id='pathology-select']/div/button"}
E         (Session info: headless chrome=116.0.5845.179); For documentation on this error, please visit: https://www.selenium.dev/documentation/webdriver/troubleshooting/errors#no-such-element-exception
E       Stacktrace:
E       #0 0x55bff9d8be23 &lt;unknown&gt;
E       #1 0x55bff9ab47a7 &lt;unknown&gt;
E       #2 0x55bff9af31d3 &lt;unknown&gt;
E       #3 0x55bff9af32c1 &lt;unknown&gt;
E       #4 0x55bff9b2ea04 &lt;unknown&gt;
E       #5 0x55bff9b1403d &lt;unknown&gt;
E       #6 0x55bff9b2c369 &lt;unknown&gt;
E       #7 0x55bff9b13de3 &lt;unknown&gt;
E       #8 0x55bff9ae7a7b &lt;unknown&gt;
E       #9 0x55bff9ae881e &lt;unknown&gt;
E       #10 0x55bff9d4d638 &lt;unknown&gt;
E       #11 0x55bff9d51507 &lt;unknown&gt;
E       #12 0x55bff9d5bc4c &lt;unknown&gt;
E       #13 0x55bff9d52136 &lt;unknown&gt;
E       #14 0x55bff9d209cf &lt;unknown&gt;
E       #15 0x55bff9d75b98 &lt;unknown&gt;
E       #16 0x55bff9d75d68 &lt;unknown&gt;
E       #17 0x55bff9d84cb3 &lt;unknown&gt;
E       #18 0x7f6b85e3f044 &lt;unknown&gt;

/usr/local/lib/python3.9/site-packages/selenium/webdriver/remote/errorhandler.py:229: NoSuchElementException</failure></testcase><testcase classname="test_stroke_federation.TestStrokeMIP" name="test_login_and_accept_terms[https://stroke.hbpmip.link/]" time="23.540"><failure message="selenium.common.exceptions.NoSuchElementException: Message: no such element: Unable to locate element: {&quot;method&quot;:&quot;xpath&quot;,&quot;selector&quot;:&quot;//button[. = 'Login']&quot;}&#10;  (Session info: headless chrome=116.0.5845.179); For documentation on this error, please visit: https://www.selenium.dev/documentation/webdriver/troubleshooting/errors#no-such-element-exception&#10;Stacktrace:&#10;#0 0x5628d5cc8e23 &lt;unknown&gt;&#10;#1 0x5628d59f17a7 &lt;unknown&gt;&#10;#2 0x5628d5a301d3 &lt;unknown&gt;&#10;#3 0x5628d5a302c1 &lt;unknown&gt;&#10;#4 0x5628d5a6ba04 &lt;unknown&gt;&#10;#5 0x5628d5a5103d &lt;unknown&gt;&#10;#6 0x5628d5a69369 &lt;unknown&gt;&#10;#7 0x5628d5a50de3 &lt;unknown&gt;&#10;#8 0x5628d5a24a7b &lt;unknown&gt;&#10;#9 0x5628d5a2581e &lt;unknown&gt;&#10;#10 0x5628d5c8a638 &lt;unknown&gt;&#10;#11 0x5628d5c8e507 &lt;unknown&gt;&#10;#12 0x5628d5c98c4c &lt;unknown&gt;&#10;#13 0x5628d5c8f136 &lt;unknown&gt;&#10;#14 0x5628d5c5d9cf &lt;unknown&gt;&#10;#15 0x5628d5cb2b98 &lt;unknown&gt;&#10;#16 0x5628d5cb2d68 &lt;unknown&gt;&#10;#17 0x5628d5cc1cb3 &lt;unknown&gt;&#10;#18 0x7fd324009044 &lt;unknown&gt;">self = &lt;test_stroke_federation.TestStrokeMIP object at 0x7f2739183e20&gt;

    def test_login_and_accept_terms(self):
        """Test login and accept terms on the Stroke (FERES) MIP."""
&gt;       super().test_login_and_accept_terms()

test_stroke_federation.py:26: 
_ _ _ _ _ _ _ _ _ _ _ _ _ _ _ _ _ _ _ _ _ _ _ _ _ _ _ _ _ _ _ _ _ _ _ _ _ _ _ _ 
basetest.py:14: in test_login_and_accept_terms
    login = selenium_driver.find_element(By.XPATH, "//button[. = 'Login']")
/usr/local/lib/python3.9/site-packages/selenium/webdriver/remote/webdriver.py:739: in find_element
    return self.execute(Command.FIND_ELEMENT, {"using": by, "value": value})["value"]
/usr/local/lib/python3.9/site-packages/selenium/webdriver/remote/webdriver.py:345: in execute
    self.error_handler.check_response(response)
_ _ _ _ _ _ _ _ _ _ _ _ _ _ _ _ _ _ _ _ _ _ _ _ _ _ _ _ _ _ _ _ _ _ _ _ _ _ _ _ 

self = &lt;selenium.webdriver.remote.errorhandler.ErrorHandler object at 0x7f2739ea4d90&gt;
response = {'status': 404, 'value': '{"value":{"error":"no such element","message":"no such element: Unable to locate element: {\...\\n#16 0x5628d5cb2d68 \\u003Cunknown&gt;\\n#17 0x5628d5cc1cb3 \\u003Cunknown&gt;\\n#18 0x7fd324009044 \\u003Cunknown&gt;\\n"}}'}

    def check_response(self, response: Dict[str, Any]) -&gt; None:
        """Checks that a JSON response from the WebDriver does not have an
        error.
    
        :Args:
         - response - The JSON response from the WebDriver server as a dictionary
           object.
    
        :Raises: If the response contains an error message.
        """
        status = response.get("status", None)
        if not status or status == ErrorCode.SUCCESS:
            return
        value = None
        message = response.get("message", "")
        screen: str = response.get("screen", "")
        stacktrace = None
        if isinstance(status, int):
            value_json = response.get("value", None)
            if value_json and isinstance(value_json, str):
                import json
    
                try:
                    value = json.loads(value_json)
                    if len(value) == 1:
                        value = value["value"]
                    status = value.get("error", None)
                    if not status:
                        status = value.get("status", ErrorCode.UNKNOWN_ERROR)
                        message = value.get("value") or value.get("message")
                        if not isinstance(message, str):
                            value = message
                            message = message.get("message")
                    else:
                        message = value.get("message", None)
                except ValueError:
                    pass
    
        exception_class: Type[WebDriverException]
        e = ErrorCode()
        error_codes = [item for item in dir(e) if not item.startswith("__")]
        for error_code in error_codes:
            error_info = getattr(ErrorCode, error_code)
            if isinstance(error_info, list) and status in error_info:
                exception_class = getattr(ExceptionMapping, error_code, WebDriverException)
                break
        else:
            exception_class = WebDriverException
    
        if not value:
            value = response["value"]
        if isinstance(value, str):
            raise exception_class(value)
        if message == "" and "message" in value:
            message = value["message"]
    
        screen = None  # type: ignore[assignment]
        if "screen" in value:
            screen = value["screen"]
    
        stacktrace = None
        st_value = value.get("stackTrace") or value.get("stacktrace")
        if st_value:
            if isinstance(st_value, str):
                stacktrace = st_value.split("\n")
            else:
                stacktrace = []
                try:
                    for frame in st_value:
                        line = frame.get("lineNumber", "")
                        file = frame.get("fileName", "&lt;anonymous&gt;")
                        if line:
                            file = f"{file}:{line}"
                        meth = frame.get("methodName", "&lt;anonymous&gt;")
                        if "className" in frame:
                            meth = f"{frame['className']}.{meth}"
                        msg = "    at %s (%s)"
                        msg = msg % (meth, file)
                        stacktrace.append(msg)
                except TypeError:
                    pass
        if exception_class == UnexpectedAlertPresentException:
            alert_text = None
            if "data" in value:
                alert_text = value["data"].get("text")
            elif "alert" in value:
                alert_text = value["alert"].get("text")
            raise exception_class(message, screen, stacktrace, alert_text)  # type: ignore[call-arg]  # mypy is not smart enough here
&gt;       raise exception_class(message, screen, stacktrace)
E       selenium.common.exceptions.NoSuchElementException: Message: no such element: Unable to locate element: {"method":"xpath","selector":"//button[. = 'Login']"}
E         (Session info: headless chrome=116.0.5845.179); For documentation on this error, please visit: https://www.selenium.dev/documentation/webdriver/troubleshooting/errors#no-such-element-exception
E       Stacktrace:
E       #0 0x5628d5cc8e23 &lt;unknown&gt;
E       #1 0x5628d59f17a7 &lt;unknown&gt;
E       #2 0x5628d5a301d3 &lt;unknown&gt;
E       #3 0x5628d5a302c1 &lt;unknown&gt;
E       #4 0x5628d5a6ba04 &lt;unknown&gt;
E       #5 0x5628d5a5103d &lt;unknown&gt;
E       #6 0x5628d5a69369 &lt;unknown&gt;
E       #7 0x5628d5a50de3 &lt;unknown&gt;
E       #8 0x5628d5a24a7b &lt;unknown&gt;
E       #9 0x5628d5a2581e &lt;unknown&gt;
E       #10 0x5628d5c8a638 &lt;unknown&gt;
E       #11 0x5628d5c8e507 &lt;unknown&gt;
E       #12 0x5628d5c98c4c &lt;unknown&gt;
E       #13 0x5628d5c8f136 &lt;unknown&gt;
E       #14 0x5628d5c5d9cf &lt;unknown&gt;
E       #15 0x5628d5cb2b98 &lt;unknown&gt;
E       #16 0x5628d5cb2d68 &lt;unknown&gt;
E       #17 0x5628d5cc1cb3 &lt;unknown&gt;
E       #18 0x7fd324009044 &lt;unknown&gt;

/usr/local/lib/python3.9/site-packages/selenium/webdriver/remote/errorhandler.py:229: NoSuchElementException</failure></testcase><testcase classname="test_stroke_federation.TestStrokeMIP" name="test_data[https://stroke.hbpmip.link/]" time="21.085"><failure message="selenium.common.exceptions.NoSuchElementException: Message: no such element: Unable to locate element: {&quot;method&quot;:&quot;css selector&quot;,&quot;selector&quot;:&quot;#dropdown-basic&quot;}&#10;  (Session info: headless chrome=116.0.5845.179); For documentation on this error, please visit: https://www.selenium.dev/documentation/webdriver/troubleshooting/errors#no-such-element-exception&#10;Stacktrace:&#10;#0 0x5628d5cc8e23 &lt;unknown&gt;&#10;#1 0x5628d59f17a7 &lt;unknown&gt;&#10;#2 0x5628d5a301d3 &lt;unknown&gt;&#10;#3 0x5628d5a302c1 &lt;unknown&gt;&#10;#4 0x5628d5a6ba04 &lt;unknown&gt;&#10;#5 0x5628d5a5103d &lt;unknown&gt;&#10;#6 0x5628d5a69369 &lt;unknown&gt;&#10;#7 0x5628d5a50de3 &lt;unknown&gt;&#10;#8 0x5628d5a24a7b &lt;unknown&gt;&#10;#9 0x5628d5a2581e &lt;unknown&gt;&#10;#10 0x5628d5c8a638 &lt;unknown&gt;&#10;#11 0x5628d5c8e507 &lt;unknown&gt;&#10;#12 0x5628d5c98c4c &lt;unknown&gt;&#10;#13 0x5628d5c8f136 &lt;unknown&gt;&#10;#14 0x5628d5c5d9cf &lt;unknown&gt;&#10;#15 0x5628d5cb2b98 &lt;unknown&gt;&#10;#16 0x5628d5cb2d68 &lt;unknown&gt;&#10;#17 0x5628d5cc1cb3 &lt;unknown&gt;&#10;#18 0x7fd324009044 &lt;unknown&gt;">self = &lt;test_stroke_federation.TestStrokeMIP object at 0x7f27391839a0&gt;

    def test_data(self):
        """Integration tests (data) of the Stroke (FERES) MIP."""
        selenium_driver = self.driver
    
        # 1. Click 'Datasets'
&gt;       datasets = selenium_driver.find_element(By.CSS_SELECTOR, "#dropdown-basic")

test_stroke_federation.py:33: 
_ _ _ _ _ _ _ _ _ _ _ _ _ _ _ _ _ _ _ _ _ _ _ _ _ _ _ _ _ _ _ _ _ _ _ _ _ _ _ _ 
/usr/local/lib/python3.9/site-packages/selenium/webdriver/remote/webdriver.py:739: in find_element
    return self.execute(Command.FIND_ELEMENT, {"using": by, "value": value})["value"]
/usr/local/lib/python3.9/site-packages/selenium/webdriver/remote/webdriver.py:345: in execute
    self.error_handler.check_response(response)
_ _ _ _ _ _ _ _ _ _ _ _ _ _ _ _ _ _ _ _ _ _ _ _ _ _ _ _ _ _ _ _ _ _ _ _ _ _ _ _ 

self = &lt;selenium.webdriver.remote.errorhandler.ErrorHandler object at 0x7f2739ea4d90&gt;
response = {'status': 404, 'value': '{"value":{"error":"no such element","message":"no such element: Unable to locate element: {\...\\n#16 0x5628d5cb2d68 \\u003Cunknown&gt;\\n#17 0x5628d5cc1cb3 \\u003Cunknown&gt;\\n#18 0x7fd324009044 \\u003Cunknown&gt;\\n"}}'}

    def check_response(self, response: Dict[str, Any]) -&gt; None:
        """Checks that a JSON response from the WebDriver does not have an
        error.
    
        :Args:
         - response - The JSON response from the WebDriver server as a dictionary
           object.
    
        :Raises: If the response contains an error message.
        """
        status = response.get("status", None)
        if not status or status == ErrorCode.SUCCESS:
            return
        value = None
        message = response.get("message", "")
        screen: str = response.get("screen", "")
        stacktrace = None
        if isinstance(status, int):
            value_json = response.get("value", None)
            if value_json and isinstance(value_json, str):
                import json
    
                try:
                    value = json.loads(value_json)
                    if len(value) == 1:
                        value = value["value"]
                    status = value.get("error", None)
                    if not status:
                        status = value.get("status", ErrorCode.UNKNOWN_ERROR)
                        message = value.get("value") or value.get("message")
                        if not isinstance(message, str):
                            value = message
                            message = message.get("message")
                    else:
                        message = value.get("message", None)
                except ValueError:
                    pass
    
        exception_class: Type[WebDriverException]
        e = ErrorCode()
        error_codes = [item for item in dir(e) if not item.startswith("__")]
        for error_code in error_codes:
            error_info = getattr(ErrorCode, error_code)
            if isinstance(error_info, list) and status in error_info:
                exception_class = getattr(ExceptionMapping, error_code, WebDriverException)
                break
        else:
            exception_class = WebDriverException
    
        if not value:
            value = response["value"]
        if isinstance(value, str):
            raise exception_class(value)
        if message == "" and "message" in value:
            message = value["message"]
    
        screen = None  # type: ignore[assignment]
        if "screen" in value:
            screen = value["screen"]
    
        stacktrace = None
        st_value = value.get("stackTrace") or value.get("stacktrace")
        if st_value:
            if isinstance(st_value, str):
                stacktrace = st_value.split("\n")
            else:
                stacktrace = []
                try:
                    for frame in st_value:
                        line = frame.get("lineNumber", "")
                        file = frame.get("fileName", "&lt;anonymous&gt;")
                        if line:
                            file = f"{file}:{line}"
                        meth = frame.get("methodName", "&lt;anonymous&gt;")
                        if "className" in frame:
                            meth = f"{frame['className']}.{meth}"
                        msg = "    at %s (%s)"
                        msg = msg % (meth, file)
                        stacktrace.append(msg)
                except TypeError:
                    pass
        if exception_class == UnexpectedAlertPresentException:
            alert_text = None
            if "data" in value:
                alert_text = value["data"].get("text")
            elif "alert" in value:
                alert_text = value["alert"].get("text")
            raise exception_class(message, screen, stacktrace, alert_text)  # type: ignore[call-arg]  # mypy is not smart enough here
&gt;       raise exception_class(message, screen, stacktrace)
E       selenium.common.exceptions.NoSuchElementException: Message: no such element: Unable to locate element: {"method":"css selector","selector":"#dropdown-basic"}
E         (Session info: headless chrome=116.0.5845.179); For documentation on this error, please visit: https://www.selenium.dev/documentation/webdriver/troubleshooting/errors#no-such-element-exception
E       Stacktrace:
E       #0 0x5628d5cc8e23 &lt;unknown&gt;
E       #1 0x5628d59f17a7 &lt;unknown&gt;
E       #2 0x5628d5a301d3 &lt;unknown&gt;
E       #3 0x5628d5a302c1 &lt;unknown&gt;
E       #4 0x5628d5a6ba04 &lt;unknown&gt;
E       #5 0x5628d5a5103d &lt;unknown&gt;
E       #6 0x5628d5a69369 &lt;unknown&gt;
E       #7 0x5628d5a50de3 &lt;unknown&gt;
E       #8 0x5628d5a24a7b &lt;unknown&gt;
E       #9 0x5628d5a2581e &lt;unknown&gt;
E       #10 0x5628d5c8a638 &lt;unknown&gt;
E       #11 0x5628d5c8e507 &lt;unknown&gt;
E       #12 0x5628d5c98c4c &lt;unknown&gt;
E       #13 0x5628d5c8f136 &lt;unknown&gt;
E       #14 0x5628d5c5d9cf &lt;unknown&gt;
E       #15 0x5628d5cb2b98 &lt;unknown&gt;
E       #16 0x5628d5cb2d68 &lt;unknown&gt;
E       #17 0x5628d5cc1cb3 &lt;unknown&gt;
E       #18 0x7fd324009044 &lt;unknown&gt;

/usr/local/lib/python3.9/site-packages/selenium/webdriver/remote/errorhandler.py:229: NoSuchElementException</failure></testcase></testsuite></testsuites>