<?xml version="1.0" encoding="utf-8"?><testsuites><testsuite name="pytest" errors="0" failures="0" skipped="0" tests="4" time="76.934" timestamp="2023-06-16T07:00:18.555733" hostname="fc870e713342"><testcase classname="test_public_mip.TestPublicMIP" name="test_login_and_accept_terms[https://hbpmip.link/]" time="31.964" /><testcase classname="test_public_mip.TestPublicMIP" name="test_data[https://hbpmip.link/]" time="18.421" /><testcase classname="test_qa_federation.TestMIPQAFederation" name="test_login_and_accept_terms[https://qa.hbpmip.link/]" time="8.047" /><testcase classname="test_qa_federation.TestMIPQAFederation" name="test_data[https://qa.hbpmip.link/]" time="18.466" /></testsuite></testsuites>