<?xml version="1.0" encoding="utf-8"?><testsuites><testsuite name="pytest" errors="0" failures="3" skipped="0" tests="6" time="153.016" timestamp="2024-02-10T06:59:39.560297" hostname="9b9c40491e17"><testcase classname="test_public_mip.TestPublicMIP" name="test_login_and_accept_terms[https://hbpmip.link/]" time="28.125" /><testcase classname="test_public_mip.TestPublicMIP" name="test_data[https://hbpmip.link/]" time="23.977"><failure message="selenium.common.exceptions.NoSuchElementException: Message: no such element: Unable to locate element: {&quot;method&quot;:&quot;xpath&quot;,&quot;selector&quot;:&quot;//*[name()='circle'][. = 'Left opercular part of the inferior frontal gyrus&#10;']&quot;}&#10;  (Session info: chrome-headless-shell=121.0.6167.160); For documentation on this error, please visit: https://www.selenium.dev/documentation/webdriver/troubleshooting/errors#no-such-element-exception&#10;Stacktrace:&#10;#0 0x558e3d0b2d93 &lt;unknown&gt;&#10;#1 0x558e3cd96337 &lt;unknown&gt;&#10;#2 0x558e3cde1d60 &lt;unknown&gt;&#10;#3 0x558e3cde1e51 &lt;unknown&gt;&#10;#4 0x558e3ce25bc4 &lt;unknown&gt;&#10;#5 0x558e3ce0446d &lt;unknown&gt;&#10;#6 0x558e3ce2312d &lt;unknown&gt;&#10;#7 0x558e3ce041e3 &lt;unknown&gt;&#10;#8 0x558e3cdd4135 &lt;unknown&gt;&#10;#9 0x558e3cdd513e &lt;unknown&gt;&#10;#10 0x558e3d076e4b &lt;unknown&gt;&#10;#11 0x558e3d07adfa &lt;unknown&gt;&#10;#12 0x558e3d0636d5 &lt;unknown&gt;&#10;#13 0x558e3d07ba6f &lt;unknown&gt;&#10;#14 0x558e3d04769f &lt;unknown&gt;&#10;#15 0x558e3d0a0098 &lt;unknown&gt;&#10;#16 0x558e3d0a0262 &lt;unknown&gt;&#10;#17 0x558e3d0b1f34 &lt;unknown&gt;&#10;#18 0x7f77cf8eb134 &lt;unknown&gt;">self = &lt;test_public_mip.TestPublicMIP object at 0x7f14c3a2aaf0&gt;

    def test_data(self):
        """Integration tests (data) of the public MIP."""
&gt;       super().test_data()

test_public_mip.py:24: 
_ _ _ _ _ _ _ _ _ _ _ _ _ _ _ _ _ _ _ _ _ _ _ _ _ _ _ _ _ _ _ _ _ _ _ _ _ _ _ _ 
basetest.py:106: in test_data
    left_opercular_part_of_the_inferior_f_ = selenium_driver.find_element(
/usr/local/lib/python3.9/site-packages/selenium/webdriver/remote/webdriver.py:739: in find_element
    return self.execute(Command.FIND_ELEMENT, {"using": by, "value": value})["value"]
/usr/local/lib/python3.9/site-packages/selenium/webdriver/remote/webdriver.py:345: in execute
    self.error_handler.check_response(response)
_ _ _ _ _ _ _ _ _ _ _ _ _ _ _ _ _ _ _ _ _ _ _ _ _ _ _ _ _ _ _ _ _ _ _ _ _ _ _ _ 

self = &lt;selenium.webdriver.remote.errorhandler.ErrorHandler object at 0x7f14c372afd0&gt;
response = {'status': 404, 'value': '{"value":{"error":"no such element","message":"no such element: Unable to locate element: {\...\\n#16 0x558e3d0a0262 \\u003Cunknown&gt;\\n#17 0x558e3d0b1f34 \\u003Cunknown&gt;\\n#18 0x7f77cf8eb134 \\u003Cunknown&gt;\\n"}}'}

    def check_response(self, response: Dict[str, Any]) -&gt; None:
        """Checks that a JSON response from the WebDriver does not have an
        error.
    
        :Args:
         - response - The JSON response from the WebDriver server as a dictionary
           object.
    
        :Raises: If the response contains an error message.
        """
        status = response.get("status", None)
        if not status or status == ErrorCode.SUCCESS:
            return
        value = None
        message = response.get("message", "")
        screen: str = response.get("screen", "")
        stacktrace = None
        if isinstance(status, int):
            value_json = response.get("value", None)
            if value_json and isinstance(value_json, str):
                import json
    
                try:
                    value = json.loads(value_json)
                    if len(value) == 1:
                        value = value["value"]
                    status = value.get("error", None)
                    if not status:
                        status = value.get("status", ErrorCode.UNKNOWN_ERROR)
                        message = value.get("value") or value.get("message")
                        if not isinstance(message, str):
                            value = message
                            message = message.get("message")
                    else:
                        message = value.get("message", None)
                except ValueError:
                    pass
    
        exception_class: Type[WebDriverException]
        e = ErrorCode()
        error_codes = [item for item in dir(e) if not item.startswith("__")]
        for error_code in error_codes:
            error_info = getattr(ErrorCode, error_code)
            if isinstance(error_info, list) and status in error_info:
                exception_class = getattr(ExceptionMapping, error_code, WebDriverException)
                break
        else:
            exception_class = WebDriverException
    
        if not value:
            value = response["value"]
        if isinstance(value, str):
            raise exception_class(value)
        if message == "" and "message" in value:
            message = value["message"]
    
        screen = None  # type: ignore[assignment]
        if "screen" in value:
            screen = value["screen"]
    
        stacktrace = None
        st_value = value.get("stackTrace") or value.get("stacktrace")
        if st_value:
            if isinstance(st_value, str):
                stacktrace = st_value.split("\n")
            else:
                stacktrace = []
                try:
                    for frame in st_value:
                        line = frame.get("lineNumber", "")
                        file = frame.get("fileName", "&lt;anonymous&gt;")
                        if line:
                            file = f"{file}:{line}"
                        meth = frame.get("methodName", "&lt;anonymous&gt;")
                        if "className" in frame:
                            meth = f"{frame['className']}.{meth}"
                        msg = "    at %s (%s)"
                        msg = msg % (meth, file)
                        stacktrace.append(msg)
                except TypeError:
                    pass
        if exception_class == UnexpectedAlertPresentException:
            alert_text = None
            if "data" in value:
                alert_text = value["data"].get("text")
            elif "alert" in value:
                alert_text = value["alert"].get("text")
            raise exception_class(message, screen, stacktrace, alert_text)  # type: ignore[call-arg]  # mypy is not smart enough here
&gt;       raise exception_class(message, screen, stacktrace)
E       selenium.common.exceptions.NoSuchElementException: Message: no such element: Unable to locate element: {"method":"xpath","selector":"//*[name()='circle'][. = 'Left opercular part of the inferior frontal gyrus
E       ']"}
E         (Session info: chrome-headless-shell=121.0.6167.160); For documentation on this error, please visit: https://www.selenium.dev/documentation/webdriver/troubleshooting/errors#no-such-element-exception
E       Stacktrace:
E       #0 0x558e3d0b2d93 &lt;unknown&gt;
E       #1 0x558e3cd96337 &lt;unknown&gt;
E       #2 0x558e3cde1d60 &lt;unknown&gt;
E       #3 0x558e3cde1e51 &lt;unknown&gt;
E       #4 0x558e3ce25bc4 &lt;unknown&gt;
E       #5 0x558e3ce0446d &lt;unknown&gt;
E       #6 0x558e3ce2312d &lt;unknown&gt;
E       #7 0x558e3ce041e3 &lt;unknown&gt;
E       #8 0x558e3cdd4135 &lt;unknown&gt;
E       #9 0x558e3cdd513e &lt;unknown&gt;
E       #10 0x558e3d076e4b &lt;unknown&gt;
E       #11 0x558e3d07adfa &lt;unknown&gt;
E       #12 0x558e3d0636d5 &lt;unknown&gt;
E       #13 0x558e3d07ba6f &lt;unknown&gt;
E       #14 0x558e3d04769f &lt;unknown&gt;
E       #15 0x558e3d0a0098 &lt;unknown&gt;
E       #16 0x558e3d0a0262 &lt;unknown&gt;
E       #17 0x558e3d0b1f34 &lt;unknown&gt;
E       #18 0x7f77cf8eb134 &lt;unknown&gt;

/usr/local/lib/python3.9/site-packages/selenium/webdriver/remote/errorhandler.py:229: NoSuchElementException</failure></testcase><testcase classname="test_qa_federation.TestMIPQAFederation" name="test_login_and_accept_terms[https://qa.hbpmip.link/]" time="26.452" /><testcase classname="test_qa_federation.TestMIPQAFederation" name="test_data[https://qa.hbpmip.link/]" time="23.597"><failure message="selenium.common.exceptions.NoSuchElementException: Message: no such element: Unable to locate element: {&quot;method&quot;:&quot;css selector&quot;,&quot;selector&quot;:&quot;#default-synth_mh_wk3&quot;}&#10;  (Session info: chrome-headless-shell=121.0.6167.160); For documentation on this error, please visit: https://www.selenium.dev/documentation/webdriver/troubleshooting/errors#no-such-element-exception&#10;Stacktrace:&#10;#0 0x56199824ad93 &lt;unknown&gt;&#10;#1 0x561997f2e337 &lt;unknown&gt;&#10;#2 0x561997f79d60 &lt;unknown&gt;&#10;#3 0x561997f79e51 &lt;unknown&gt;&#10;#4 0x561997fbdbc4 &lt;unknown&gt;&#10;#5 0x561997f9c46d &lt;unknown&gt;&#10;#6 0x561997fbb12d &lt;unknown&gt;&#10;#7 0x561997f9c1e3 &lt;unknown&gt;&#10;#8 0x561997f6c135 &lt;unknown&gt;&#10;#9 0x561997f6d13e &lt;unknown&gt;&#10;#10 0x56199820ee4b &lt;unknown&gt;&#10;#11 0x561998212dfa &lt;unknown&gt;&#10;#12 0x5619981fb6d5 &lt;unknown&gt;&#10;#13 0x561998213a6f &lt;unknown&gt;&#10;#14 0x5619981df69f &lt;unknown&gt;&#10;#15 0x561998238098 &lt;unknown&gt;&#10;#16 0x561998238262 &lt;unknown&gt;&#10;#17 0x561998249f34 &lt;unknown&gt;&#10;#18 0x7f8f06ead134 &lt;unknown&gt;">self = &lt;test_qa_federation.TestMIPQAFederation object at 0x7f14c2a07e80&gt;

    def test_data(self):
        """Integration tests (data) of the MIP QA Federation."""
&gt;       super().test_data()

test_qa_federation.py:24: 
_ _ _ _ _ _ _ _ _ _ _ _ _ _ _ _ _ _ _ _ _ _ _ _ _ _ _ _ _ _ _ _ _ _ _ _ _ _ _ _ 
basetest.py:88: in test_data
    default_synth_mh_wk3 = selenium_driver.find_element(
/usr/local/lib/python3.9/site-packages/selenium/webdriver/remote/webdriver.py:739: in find_element
    return self.execute(Command.FIND_ELEMENT, {"using": by, "value": value})["value"]
/usr/local/lib/python3.9/site-packages/selenium/webdriver/remote/webdriver.py:345: in execute
    self.error_handler.check_response(response)
_ _ _ _ _ _ _ _ _ _ _ _ _ _ _ _ _ _ _ _ _ _ _ _ _ _ _ _ _ _ _ _ _ _ _ _ _ _ _ _ 

self = &lt;selenium.webdriver.remote.errorhandler.ErrorHandler object at 0x7f14c372a250&gt;
response = {'status': 404, 'value': '{"value":{"error":"no such element","message":"no such element: Unable to locate element: {\...\\n#16 0x561998238262 \\u003Cunknown&gt;\\n#17 0x561998249f34 \\u003Cunknown&gt;\\n#18 0x7f8f06ead134 \\u003Cunknown&gt;\\n"}}'}

    def check_response(self, response: Dict[str, Any]) -&gt; None:
        """Checks that a JSON response from the WebDriver does not have an
        error.
    
        :Args:
         - response - The JSON response from the WebDriver server as a dictionary
           object.
    
        :Raises: If the response contains an error message.
        """
        status = response.get("status", None)
        if not status or status == ErrorCode.SUCCESS:
            return
        value = None
        message = response.get("message", "")
        screen: str = response.get("screen", "")
        stacktrace = None
        if isinstance(status, int):
            value_json = response.get("value", None)
            if value_json and isinstance(value_json, str):
                import json
    
                try:
                    value = json.loads(value_json)
                    if len(value) == 1:
                        value = value["value"]
                    status = value.get("error", None)
                    if not status:
                        status = value.get("status", ErrorCode.UNKNOWN_ERROR)
                        message = value.get("value") or value.get("message")
                        if not isinstance(message, str):
                            value = message
                            message = message.get("message")
                    else:
                        message = value.get("message", None)
                except ValueError:
                    pass
    
        exception_class: Type[WebDriverException]
        e = ErrorCode()
        error_codes = [item for item in dir(e) if not item.startswith("__")]
        for error_code in error_codes:
            error_info = getattr(ErrorCode, error_code)
            if isinstance(error_info, list) and status in error_info:
                exception_class = getattr(ExceptionMapping, error_code, WebDriverException)
                break
        else:
            exception_class = WebDriverException
    
        if not value:
            value = response["value"]
        if isinstance(value, str):
            raise exception_class(value)
        if message == "" and "message" in value:
            message = value["message"]
    
        screen = None  # type: ignore[assignment]
        if "screen" in value:
            screen = value["screen"]
    
        stacktrace = None
        st_value = value.get("stackTrace") or value.get("stacktrace")
        if st_value:
            if isinstance(st_value, str):
                stacktrace = st_value.split("\n")
            else:
                stacktrace = []
                try:
                    for frame in st_value:
                        line = frame.get("lineNumber", "")
                        file = frame.get("fileName", "&lt;anonymous&gt;")
                        if line:
                            file = f"{file}:{line}"
                        meth = frame.get("methodName", "&lt;anonymous&gt;")
                        if "className" in frame:
                            meth = f"{frame['className']}.{meth}"
                        msg = "    at %s (%s)"
                        msg = msg % (meth, file)
                        stacktrace.append(msg)
                except TypeError:
                    pass
        if exception_class == UnexpectedAlertPresentException:
            alert_text = None
            if "data" in value:
                alert_text = value["data"].get("text")
            elif "alert" in value:
                alert_text = value["alert"].get("text")
            raise exception_class(message, screen, stacktrace, alert_text)  # type: ignore[call-arg]  # mypy is not smart enough here
&gt;       raise exception_class(message, screen, stacktrace)
E       selenium.common.exceptions.NoSuchElementException: Message: no such element: Unable to locate element: {"method":"css selector","selector":"#default-synth_mh_wk3"}
E         (Session info: chrome-headless-shell=121.0.6167.160); For documentation on this error, please visit: https://www.selenium.dev/documentation/webdriver/troubleshooting/errors#no-such-element-exception
E       Stacktrace:
E       #0 0x56199824ad93 &lt;unknown&gt;
E       #1 0x561997f2e337 &lt;unknown&gt;
E       #2 0x561997f79d60 &lt;unknown&gt;
E       #3 0x561997f79e51 &lt;unknown&gt;
E       #4 0x561997fbdbc4 &lt;unknown&gt;
E       #5 0x561997f9c46d &lt;unknown&gt;
E       #6 0x561997fbb12d &lt;unknown&gt;
E       #7 0x561997f9c1e3 &lt;unknown&gt;
E       #8 0x561997f6c135 &lt;unknown&gt;
E       #9 0x561997f6d13e &lt;unknown&gt;
E       #10 0x56199820ee4b &lt;unknown&gt;
E       #11 0x561998212dfa &lt;unknown&gt;
E       #12 0x5619981fb6d5 &lt;unknown&gt;
E       #13 0x561998213a6f &lt;unknown&gt;
E       #14 0x5619981df69f &lt;unknown&gt;
E       #15 0x561998238098 &lt;unknown&gt;
E       #16 0x561998238262 &lt;unknown&gt;
E       #17 0x561998249f34 &lt;unknown&gt;
E       #18 0x7f8f06ead134 &lt;unknown&gt;

/usr/local/lib/python3.9/site-packages/selenium/webdriver/remote/errorhandler.py:229: NoSuchElementException</failure></testcase><testcase classname="test_stroke_federation.TestStrokeMIP" name="test_login_and_accept_terms[https://stroke.hbpmip.link/]" time="26.497" /><testcase classname="test_stroke_federation.TestStrokeMIP" name="test_data[https://stroke.hbpmip.link/]" time="23.590"><failure message="selenium.common.exceptions.NoSuchElementException: Message: no such element: Unable to locate element: {&quot;method&quot;:&quot;xpath&quot;,&quot;selector&quot;:&quot;//div[contains(@id,'bar-graph-age')]&quot;}&#10;  (Session info: chrome-headless-shell=121.0.6167.160); For documentation on this error, please visit: https://www.selenium.dev/documentation/webdriver/troubleshooting/errors#no-such-element-exception&#10;Stacktrace:&#10;#0 0x5643c8d1ed93 &lt;unknown&gt;&#10;#1 0x5643c8a02337 &lt;unknown&gt;&#10;#2 0x5643c8a4dd60 &lt;unknown&gt;&#10;#3 0x5643c8a4de51 &lt;unknown&gt;&#10;#4 0x5643c8a91bc4 &lt;unknown&gt;&#10;#5 0x5643c8a7046d &lt;unknown&gt;&#10;#6 0x5643c8a8f12d &lt;unknown&gt;&#10;#7 0x5643c8a701e3 &lt;unknown&gt;&#10;#8 0x5643c8a40135 &lt;unknown&gt;&#10;#9 0x5643c8a4113e &lt;unknown&gt;&#10;#10 0x5643c8ce2e4b &lt;unknown&gt;&#10;#11 0x5643c8ce6dfa &lt;unknown&gt;&#10;#12 0x5643c8ccf6d5 &lt;unknown&gt;&#10;#13 0x5643c8ce7a6f &lt;unknown&gt;&#10;#14 0x5643c8cb369f &lt;unknown&gt;&#10;#15 0x5643c8d0c098 &lt;unknown&gt;&#10;#16 0x5643c8d0c262 &lt;unknown&gt;&#10;#17 0x5643c8d1df34 &lt;unknown&gt;&#10;#18 0x7f386c784134 &lt;unknown&gt;">self = &lt;test_stroke_federation.TestStrokeMIP object at 0x7f14c3a2aac0&gt;

    def test_data(self):
        """Integration tests (data) of the Stroke (FERES) MIP."""
        selenium_driver = self.driver
    
        # 1. Click 'Datasets'
        datasets = selenium_driver.find_element(By.CSS_SELECTOR, "#dropdown-basic")
        datasets.click()
    
        # 2. Disable and enable again 'default-unibas'
        time.sleep(3)
        default_unibas_wk = selenium_driver.find_element(
            By.CSS_SELECTOR, "#default-unibas"
        )
        default_unibas_wk.click()
        default_unibas_wk.click()
    
        # 3. Click 'age'
        age = selenium_driver.find_element(
            By.XPATH,
            "//*[name()='circle'][590]",
        )
        age.click()
    
        # 4. Is the div containing the histogram of 'age' generated?
&gt;       histogram_of_age = selenium_driver.find_element(
            By.XPATH,
            "//div[contains(@id,'bar-graph-age')]",
        )

test_stroke_federation.py:52: 
_ _ _ _ _ _ _ _ _ _ _ _ _ _ _ _ _ _ _ _ _ _ _ _ _ _ _ _ _ _ _ _ _ _ _ _ _ _ _ _ 
/usr/local/lib/python3.9/site-packages/selenium/webdriver/remote/webdriver.py:739: in find_element
    return self.execute(Command.FIND_ELEMENT, {"using": by, "value": value})["value"]
/usr/local/lib/python3.9/site-packages/selenium/webdriver/remote/webdriver.py:345: in execute
    self.error_handler.check_response(response)
_ _ _ _ _ _ _ _ _ _ _ _ _ _ _ _ _ _ _ _ _ _ _ _ _ _ _ _ _ _ _ _ _ _ _ _ _ _ _ _ 

self = &lt;selenium.webdriver.remote.errorhandler.ErrorHandler object at 0x7f14c39cc880&gt;
response = {'status': 404, 'value': '{"value":{"error":"no such element","message":"no such element: Unable to locate element: {\...\\n#16 0x5643c8d0c262 \\u003Cunknown&gt;\\n#17 0x5643c8d1df34 \\u003Cunknown&gt;\\n#18 0x7f386c784134 \\u003Cunknown&gt;\\n"}}'}

    def check_response(self, response: Dict[str, Any]) -&gt; None:
        """Checks that a JSON response from the WebDriver does not have an
        error.
    
        :Args:
         - response - The JSON response from the WebDriver server as a dictionary
           object.
    
        :Raises: If the response contains an error message.
        """
        status = response.get("status", None)
        if not status or status == ErrorCode.SUCCESS:
            return
        value = None
        message = response.get("message", "")
        screen: str = response.get("screen", "")
        stacktrace = None
        if isinstance(status, int):
            value_json = response.get("value", None)
            if value_json and isinstance(value_json, str):
                import json
    
                try:
                    value = json.loads(value_json)
                    if len(value) == 1:
                        value = value["value"]
                    status = value.get("error", None)
                    if not status:
                        status = value.get("status", ErrorCode.UNKNOWN_ERROR)
                        message = value.get("value") or value.get("message")
                        if not isinstance(message, str):
                            value = message
                            message = message.get("message")
                    else:
                        message = value.get("message", None)
                except ValueError:
                    pass
    
        exception_class: Type[WebDriverException]
        e = ErrorCode()
        error_codes = [item for item in dir(e) if not item.startswith("__")]
        for error_code in error_codes:
            error_info = getattr(ErrorCode, error_code)
            if isinstance(error_info, list) and status in error_info:
                exception_class = getattr(ExceptionMapping, error_code, WebDriverException)
                break
        else:
            exception_class = WebDriverException
    
        if not value:
            value = response["value"]
        if isinstance(value, str):
            raise exception_class(value)
        if message == "" and "message" in value:
            message = value["message"]
    
        screen = None  # type: ignore[assignment]
        if "screen" in value:
            screen = value["screen"]
    
        stacktrace = None
        st_value = value.get("stackTrace") or value.get("stacktrace")
        if st_value:
            if isinstance(st_value, str):
                stacktrace = st_value.split("\n")
            else:
                stacktrace = []
                try:
                    for frame in st_value:
                        line = frame.get("lineNumber", "")
                        file = frame.get("fileName", "&lt;anonymous&gt;")
                        if line:
                            file = f"{file}:{line}"
                        meth = frame.get("methodName", "&lt;anonymous&gt;")
                        if "className" in frame:
                            meth = f"{frame['className']}.{meth}"
                        msg = "    at %s (%s)"
                        msg = msg % (meth, file)
                        stacktrace.append(msg)
                except TypeError:
                    pass
        if exception_class == UnexpectedAlertPresentException:
            alert_text = None
            if "data" in value:
                alert_text = value["data"].get("text")
            elif "alert" in value:
                alert_text = value["alert"].get("text")
            raise exception_class(message, screen, stacktrace, alert_text)  # type: ignore[call-arg]  # mypy is not smart enough here
&gt;       raise exception_class(message, screen, stacktrace)
E       selenium.common.exceptions.NoSuchElementException: Message: no such element: Unable to locate element: {"method":"xpath","selector":"//div[contains(@id,'bar-graph-age')]"}
E         (Session info: chrome-headless-shell=121.0.6167.160); For documentation on this error, please visit: https://www.selenium.dev/documentation/webdriver/troubleshooting/errors#no-such-element-exception
E       Stacktrace:
E       #0 0x5643c8d1ed93 &lt;unknown&gt;
E       #1 0x5643c8a02337 &lt;unknown&gt;
E       #2 0x5643c8a4dd60 &lt;unknown&gt;
E       #3 0x5643c8a4de51 &lt;unknown&gt;
E       #4 0x5643c8a91bc4 &lt;unknown&gt;
E       #5 0x5643c8a7046d &lt;unknown&gt;
E       #6 0x5643c8a8f12d &lt;unknown&gt;
E       #7 0x5643c8a701e3 &lt;unknown&gt;
E       #8 0x5643c8a40135 &lt;unknown&gt;
E       #9 0x5643c8a4113e &lt;unknown&gt;
E       #10 0x5643c8ce2e4b &lt;unknown&gt;
E       #11 0x5643c8ce6dfa &lt;unknown&gt;
E       #12 0x5643c8ccf6d5 &lt;unknown&gt;
E       #13 0x5643c8ce7a6f &lt;unknown&gt;
E       #14 0x5643c8cb369f &lt;unknown&gt;
E       #15 0x5643c8d0c098 &lt;unknown&gt;
E       #16 0x5643c8d0c262 &lt;unknown&gt;
E       #17 0x5643c8d1df34 &lt;unknown&gt;
E       #18 0x7f386c784134 &lt;unknown&gt;

/usr/local/lib/python3.9/site-packages/selenium/webdriver/remote/errorhandler.py:229: NoSuchElementException</failure></testcase></testsuite></testsuites>