<?xml version="1.0" encoding="utf-8"?><testsuites><testsuite name="pytest" errors="0" failures="0" skipped="0" tests="6" time="111.893" timestamp="2023-08-06T07:00:04.114101" hostname="54cab17d7508"><testcase classname="test_public_mip.TestPublicMIP" name="test_login_and_accept_terms[https://hbpmip.link/]" time="26.443" /><testcase classname="test_public_mip.TestPublicMIP" name="test_data[https://hbpmip.link/]" time="18.159" /><testcase classname="test_qa_federation.TestMIPQAFederation" name="test_login_and_accept_terms[https://qa.hbpmip.link/]" time="8.241" /><testcase classname="test_qa_federation.TestMIPQAFederation" name="test_data[https://qa.hbpmip.link/]" time="22.488" /><testcase classname="test_stroke_federation.TestStrokeMIP" name="test_login_and_accept_terms[https://stroke.hbpmip.link/]" time="26.290" /><testcase classname="test_stroke_federation.TestStrokeMIP" name="test_data[https://stroke.hbpmip.link/]" time="10.220" /></testsuite></testsuites>