<?xml version="1.0" encoding="utf-8"?><testsuites><testsuite name="pytest" errors="0" failures="0" skipped="0" tests="6" time="151.690" timestamp="2023-08-18T07:00:35.050602" hostname="afab30f0a7e1"><testcase classname="test_public_mip.TestPublicMIP" name="test_login_and_accept_terms[https://hbpmip.link/]" time="28.720" /><testcase classname="test_public_mip.TestPublicMIP" name="test_data[https://hbpmip.link/]" time="28.498" /><testcase classname="test_qa_federation.TestMIPQAFederation" name="test_login_and_accept_terms[https://qa.hbpmip.link/]" time="28.799" /><testcase classname="test_qa_federation.TestMIPQAFederation" name="test_data[https://qa.hbpmip.link/]" time="25.191" /><testcase classname="test_stroke_federation.TestStrokeMIP" name="test_login_and_accept_terms[https://stroke.hbpmip.link/]" time="28.574" /><testcase classname="test_stroke_federation.TestStrokeMIP" name="test_data[https://stroke.hbpmip.link/]" time="11.848" /></testsuite></testsuites>